2023-01-12 15:50:36.846 [debug] [Registering Log Channel] File does not exist. Waiting for 1s to retry. file:///home/cadu/.config/VSCodium/logs/20230112T155035/userDataSync.log
2023-01-12 15:50:36.847 [debug] [Registering Log Channel] File does not exist. Waiting for 1s to retry. file:///home/cadu/.config/VSCodium/logs/20230112T155035/editSessions.log
2023-01-12 15:50:36.849 [debug] [Registering Log Channel] File does not exist. Waiting for 1s to retry. file:///home/cadu/.config/VSCodium/logs/20230112T155035/sharedprocess.log
2023-01-12 15:50:36.849 [debug] [Registering Log Channel] File does not exist. Waiting for 1s to retry. file:///home/cadu/.config/VSCodium/logs/20230112T155035/ptyhost.log
2023-01-12 15:50:36.883 [debug] ComputeTargetPlatform: linux-x64
2023-01-12 15:50:36.912 [warning] [amirHA.better-comments-2]: Não é possível registrar 'better-comments.multilineComments'. Esta propriedade já está registrada.
2023-01-12 15:50:36.912 [warning] [amirHA.better-comments-2]: Não é possível registrar 'better-comments.highlightPlainText'. Esta propriedade já está registrada.
2023-01-12 15:50:36.913 [warning] [amirHA.better-comments-2]: Não é possível registrar 'better-comments.tags'. Esta propriedade já está registrada.
2023-01-12 15:50:36.914 [warning] [REditorSupport.r]: Não é possível registrar 'r.rpath.windows'. Esta propriedade já está registrada.
2023-01-12 15:50:36.915 [warning] [REditorSupport.r]: Não é possível registrar 'r.rpath.mac'. Esta propriedade já está registrada.
2023-01-12 15:50:36.915 [warning] [REditorSupport.r]: Não é possível registrar 'r.rpath.linux'. Esta propriedade já está registrada.
2023-01-12 15:50:36.915 [warning] [REditorSupport.r]: Não é possível registrar 'r.rterm.windows'. Esta propriedade já está registrada.
2023-01-12 15:50:36.916 [warning] [REditorSupport.r]: Não é possível registrar 'r.rterm.mac'. Esta propriedade já está registrada.
2023-01-12 15:50:36.916 [warning] [REditorSupport.r]: Não é possível registrar 'r.rterm.linux'. Esta propriedade já está registrada.
2023-01-12 15:50:36.916 [warning] [REditorSupport.r]: Não é possível registrar 'r.rterm.option'. Esta propriedade já está registrada.
2023-01-12 15:50:36.917 [warning] [REditorSupport.r]: Não é possível registrar 'r.lsp.enabled'. Esta propriedade já está registrada.
2023-01-12 15:50:36.917 [warning] [REditorSupport.r]: Não é possível registrar 'r.lsp.args'. Esta propriedade já está registrada.
2023-01-12 15:50:36.918 [warning] [REditorSupport.r]: Não é possível registrar 'r.lsp.debug'. Esta propriedade já está registrada.
2023-01-12 15:50:36.918 [warning] [REditorSupport.r]: Não é possível registrar 'r.lsp.diagnostics'. Esta propriedade já está registrada.
2023-01-12 15:50:36.918 [warning] [REditorSupport.r]: Não é possível registrar 'r.lsp.lang'. Esta propriedade já está registrada.
2023-01-12 15:50:36.919 [warning] [REditorSupport.r]: Não é possível registrar 'r.lsp.use_stdio'. Esta propriedade já está registrada.
2023-01-12 15:50:36.919 [warning] [REditorSupport.r]: Não é possível registrar 'r.rmarkdown.codeLensCommands'. Esta propriedade já está registrada.
2023-01-12 15:50:36.919 [warning] [REditorSupport.r]: Não é possível registrar 'r.rmarkdown.enableCodeLens'. Esta propriedade já está registrada.
2023-01-12 15:50:36.920 [warning] [REditorSupport.r]: Não é possível registrar 'r.rmarkdown.chunkBackgroundColor'. Esta propriedade já está registrada.
2023-01-12 15:50:36.920 [warning] [REditorSupport.r]: Não é possível registrar 'r.rmarkdown.preview.autoRefresh'. Esta propriedade já está registrada.
2023-01-12 15:50:36.920 [warning] [REditorSupport.r]: Não é possível registrar 'r.rmarkdown.knit.useBackgroundProcess'. Esta propriedade já está registrada.
2023-01-12 15:50:36.920 [warning] [REditorSupport.r]: Não é possível registrar 'r.rmarkdown.knit.focusOutputChannel'. Esta propriedade já está registrada.
2023-01-12 15:50:36.921 [warning] [REditorSupport.r]: Não é possível registrar 'r.rmarkdown.knit.openOutputFile'. Esta propriedade já está registrada.
2023-01-12 15:50:36.921 [warning] [REditorSupport.r]: Não é possível registrar 'r.rmarkdown.knit.command'. Esta propriedade já está registrada.
2023-01-12 15:50:36.921 [warning] [REditorSupport.r]: Não é possível registrar 'r.rmarkdown.knit.defaults.knitWorkingDirectory'. Esta propriedade já está registrada.
2023-01-12 15:50:36.922 [warning] [REditorSupport.r]: Não é possível registrar 'r.helpPanel.enableSyntaxHighlighting'. Esta propriedade já está registrada.
2023-01-12 15:50:36.922 [warning] [REditorSupport.r]: Não é possível registrar 'r.helpPanel.cacheIndexFiles'. Esta propriedade já está registrada.
2023-01-12 15:50:36.923 [warning] [REditorSupport.r]: Não é possível registrar 'r.helpPanel.rpath'. Esta propriedade já está registrada.
2023-01-12 15:50:36.923 [warning] [REditorSupport.r]: Não é possível registrar 'r.helpPanel.enableHoverLinks'. Esta propriedade já está registrada.
2023-01-12 15:50:36.923 [warning] [REditorSupport.r]: Não é possível registrar 'r.source.encoding'. Esta propriedade já está registrada.
2023-01-12 15:50:36.924 [warning] [REditorSupport.r]: Não é possível registrar 'r.source.focus'. Esta propriedade já está registrada.
2023-01-12 15:50:36.924 [warning] [REditorSupport.r]: Não é possível registrar 'r.alwaysUseActiveTerminal'. Esta propriedade já está registrada.
2023-01-12 15:50:36.924 [warning] [REditorSupport.r]: Não é possível registrar 'r.bracketedPaste'. Esta propriedade já está registrada.
2023-01-12 15:50:36.924 [warning] [REditorSupport.r]: Não é possível registrar 'r.sessionWatcher'. Esta propriedade já está registrada.
2023-01-12 15:50:36.925 [warning] [REditorSupport.r]: Não é possível registrar 'r.session.watchGlobalEnvironment'. Esta propriedade já está registrada.
2023-01-12 15:50:36.925 [warning] [REditorSupport.r]: Não é possível registrar 'r.session.objectLengthLimit'. Esta propriedade já está registrada.
2023-01-12 15:50:36.925 [warning] [REditorSupport.r]: Não é possível registrar 'r.session.objectTimeout'. Esta propriedade já está registrada.
2023-01-12 15:50:36.926 [warning] [REditorSupport.r]: Não é possível registrar 'r.session.levelOfObjectDetail'. Esta propriedade já está registrada.
2023-01-12 15:50:36.926 [warning] [REditorSupport.r]: Não é possível registrar 'r.session.emulateRStudioAPI'. Esta propriedade já está registrada.
2023-01-12 15:50:36.926 [warning] [REditorSupport.r]: Não é possível registrar 'r.session.data.rowLimit'. Esta propriedade já está registrada.
2023-01-12 15:50:36.927 [warning] [REditorSupport.r]: Não é possível registrar 'r.session.viewers.viewColumn'. Esta propriedade já está registrada.
2023-01-12 15:50:36.927 [warning] [REditorSupport.r]: Não é possível registrar 'r.rtermSendDelay'. Esta propriedade já está registrada.
2023-01-12 15:50:36.927 [warning] [REditorSupport.r]: Não é possível registrar 'r.workspaceViewer.showObjectSize'. Esta propriedade já está registrada.
2023-01-12 15:50:36.928 [warning] [REditorSupport.r]: Não é possível registrar 'r.workspaceViewer.removeHiddenItems'. Esta propriedade já está registrada.
2023-01-12 15:50:36.928 [warning] [REditorSupport.r]: Não é possível registrar 'r.workspaceViewer.clearPrompt'. Esta propriedade já está registrada.
2023-01-12 15:50:36.928 [warning] [REditorSupport.r]: Não é possível registrar 'r.liveShare.timeout'. Esta propriedade já está registrada.
2023-01-12 15:50:36.928 [warning] [REditorSupport.r]: Não é possível registrar 'r.liveShare.defaults.commandForward'. Esta propriedade já está registrada.
2023-01-12 15:50:36.929 [warning] [REditorSupport.r]: Não é possível registrar 'r.liveShare.defaults.shareWorkspace'. Esta propriedade já está registrada.
2023-01-12 15:50:36.929 [warning] [REditorSupport.r]: Não é possível registrar 'r.liveShare.defaults.shareBrowser'. Esta propriedade já está registrada.
2023-01-12 15:50:36.929 [warning] [REditorSupport.r]: Não é possível registrar 'r.plot.useHttpgd'. Esta propriedade já está registrada.
2023-01-12 15:50:36.930 [warning] [REditorSupport.r]: Não é possível registrar 'r.plot.defaults.colorTheme'. Esta propriedade já está registrada.
2023-01-12 15:50:36.930 [warning] [REditorSupport.r]: Não é possível registrar 'r.plot.defaults.plotPreviewLayout'. Esta propriedade já está registrada.
2023-01-12 15:50:36.930 [warning] [REditorSupport.r]: Não é possível registrar 'r.plot.defaults.fullWindowMode'. Esta propriedade já está registrada.
2023-01-12 15:50:36.931 [warning] [REditorSupport.r]: Não é possível registrar 'r.plot.timing.resizeInterval'. Esta propriedade já está registrada.
2023-01-12 15:50:36.931 [warning] [REditorSupport.r]: Não é possível registrar 'r.plot.timing.refreshInterval'. Esta propriedade já está registrada.
2023-01-12 15:50:36.931 [warning] [REditorSupport.r]: Não é possível registrar 'r.plot.customStyleOverwrites'. Esta propriedade já está registrada.
2023-01-12 15:50:37.034 [info] [REditorSupport.r]: O comando `r.workspaceViewer.refreshEntry` aparece várias vezes na seção `commands`.
2023-01-12 15:50:37.034 [info] [REditorSupport.r]: O comando `r.workspaceViewer.view` aparece várias vezes na seção `commands`.
2023-01-12 15:50:37.035 [info] [REditorSupport.r]: O comando `r.workspaceViewer.clear` aparece várias vezes na seção `commands`.
2023-01-12 15:50:37.035 [info] [REditorSupport.r]: O comando `r.workspaceViewer.remove` aparece várias vezes na seção `commands`.
2023-01-12 15:50:37.035 [info] [REditorSupport.r]: O comando `r.workspaceViewer.save` aparece várias vezes na seção `commands`.
2023-01-12 15:50:37.036 [info] [REditorSupport.r]: O comando `r.workspaceViewer.load` aparece várias vezes na seção `commands`.
2023-01-12 15:50:37.036 [info] [REditorSupport.r]: O comando `r.browser.refresh` aparece várias vezes na seção `commands`.
2023-01-12 15:50:37.036 [info] [REditorSupport.r]: O comando `r.browser.openExternal` aparece várias vezes na seção `commands`.
2023-01-12 15:50:37.037 [info] [REditorSupport.r]: O comando `r.showHelp` aparece várias vezes na seção `commands`.
2023-01-12 15:50:37.037 [info] [REditorSupport.r]: O comando `editor.action.webvieweditor.showFind` aparece várias vezes na seção `commands`.
2023-01-12 15:50:37.038 [info] [REditorSupport.r]: O comando `r.createRTerm` aparece várias vezes na seção `commands`.
2023-01-12 15:50:37.038 [info] [REditorSupport.r]: O comando `r.runSource` aparece várias vezes na seção `commands`.
2023-01-12 15:50:37.038 [info] [REditorSupport.r]: O comando `r.knitRmd` aparece várias vezes na seção `commands`.
2023-01-12 15:50:37.039 [info] [REditorSupport.r]: O comando `r.knitRmdToPdf` aparece várias vezes na seção `commands`.
2023-01-12 15:50:37.039 [info] [REditorSupport.r]: O comando `r.knitRmdToHtml` aparece várias vezes na seção `commands`.
2023-01-12 15:50:37.039 [info] [REditorSupport.r]: O comando `r.knitRmdToAll` aparece várias vezes na seção `commands`.
2023-01-12 15:50:37.040 [info] [REditorSupport.r]: O comando `r.runSourcewithEcho` aparece várias vezes na seção `commands`.
2023-01-12 15:50:37.041 [info] [REditorSupport.r]: O comando `r.runSelection` aparece várias vezes na seção `commands`.
2023-01-12 15:50:37.041 [info] [REditorSupport.r]: O comando `r.nrow` aparece várias vezes na seção `commands`.
2023-01-12 15:50:37.041 [info] [REditorSupport.r]: O comando `r.length` aparece várias vezes na seção `commands`.
2023-01-12 15:50:37.042 [info] [REditorSupport.r]: O comando `r.head` aparece várias vezes na seção `commands`.
2023-01-12 15:50:37.042 [info] [REditorSupport.r]: O comando `r.thead` aparece várias vezes na seção `commands`.
2023-01-12 15:50:37.043 [info] [REditorSupport.r]: O comando `r.names` aparece várias vezes na seção `commands`.
2023-01-12 15:50:37.043 [info] [REditorSupport.r]: O comando `r.createGitignore` aparece várias vezes na seção `commands`.
2023-01-12 15:50:37.044 [info] [REditorSupport.r]: O comando `r.previewDataframe` aparece várias vezes na seção `commands`.
2023-01-12 15:50:37.045 [info] [REditorSupport.r]: O comando `r.previewEnvironment` aparece várias vezes na seção `commands`.
2023-01-12 15:50:37.045 [info] [REditorSupport.r]: O comando `r.loadAll` aparece várias vezes na seção `commands`.
2023-01-12 15:50:37.046 [info] [REditorSupport.r]: O comando `r.build` aparece várias vezes na seção `commands`.
2023-01-12 15:50:37.046 [info] [REditorSupport.r]: O comando `r.check` aparece várias vezes na seção `commands`.
2023-01-12 15:50:37.047 [info] [REditorSupport.r]: O comando `r.document` aparece várias vezes na seção `commands`.
2023-01-12 15:50:37.047 [info] [REditorSupport.r]: O comando `r.install` aparece várias vezes na seção `commands`.
2023-01-12 15:50:37.049 [info] [REditorSupport.r]: O comando `r.test` aparece várias vezes na seção `commands`.
2023-01-12 15:50:37.049 [info] [REditorSupport.r]: O comando `r.attachActive` aparece várias vezes na seção `commands`.
2023-01-12 15:50:37.050 [info] [REditorSupport.r]: O comando `r.runCommandWithSelectionOrWord` aparece várias vezes na seção `commands`.
2023-01-12 15:50:37.050 [info] [REditorSupport.r]: O comando `r.runCommandWithEditorPath` aparece várias vezes na seção `commands`.
2023-01-12 15:50:37.051 [info] [REditorSupport.r]: O comando `r.runCommand` aparece várias vezes na seção `commands`.
2023-01-12 15:50:37.051 [info] [REditorSupport.r]: O comando `r.runFromBeginningToLine` aparece várias vezes na seção `commands`.
2023-01-12 15:50:37.051 [info] [REditorSupport.r]: O comando `r.runFromLineToEnd` aparece várias vezes na seção `commands`.
2023-01-12 15:50:37.052 [info] [REditorSupport.r]: O comando `r.runSelectionRetainCursor` aparece várias vezes na seção `commands`.
2023-01-12 15:50:37.052 [info] [REditorSupport.r]: O comando `r.selectCurrentChunk` aparece várias vezes na seção `commands`.
2023-01-12 15:50:37.052 [info] [REditorSupport.r]: O comando `r.runCurrentChunk` aparece várias vezes na seção `commands`.
2023-01-12 15:50:37.053 [info] [REditorSupport.r]: O comando `r.runPreviousChunk` aparece várias vezes na seção `commands`.
2023-01-12 15:50:37.053 [info] [REditorSupport.r]: O comando `r.runNextChunk` aparece várias vezes na seção `commands`.
2023-01-12 15:50:37.053 [info] [REditorSupport.r]: O comando `r.runAboveChunks` aparece várias vezes na seção `commands`.
2023-01-12 15:50:37.054 [info] [REditorSupport.r]: O comando `r.runCurrentAndBelowChunks` aparece várias vezes na seção `commands`.
2023-01-12 15:50:37.054 [info] [REditorSupport.r]: O comando `r.runBelowChunks` aparece várias vezes na seção `commands`.
2023-01-12 15:50:37.054 [info] [REditorSupport.r]: O comando `r.runAllChunks` aparece várias vezes na seção `commands`.
2023-01-12 15:50:37.055 [info] [REditorSupport.r]: O comando `r.goToPreviousChunk` aparece várias vezes na seção `commands`.
2023-01-12 15:50:37.055 [info] [REditorSupport.r]: O comando `r.goToNextChunk` aparece várias vezes na seção `commands`.
2023-01-12 15:50:37.055 [info] [REditorSupport.r]: O comando `r.rmarkdown.newDraft` aparece várias vezes na seção `commands`.
2023-01-12 15:50:37.055 [info] [REditorSupport.r]: O comando `r.rmarkdown.setKnitDirectory` aparece várias vezes na seção `commands`.
2023-01-12 15:50:37.056 [info] [REditorSupport.r]: O comando `r.rmarkdown.showPreviewToSide` aparece várias vezes na seção `commands`.
2023-01-12 15:50:37.056 [info] [REditorSupport.r]: O comando `r.rmarkdown.showPreview` aparece várias vezes na seção `commands`.
2023-01-12 15:50:37.056 [info] [REditorSupport.r]: O comando `r.rmarkdown.preview.refresh` aparece várias vezes na seção `commands`.
2023-01-12 15:50:37.057 [info] [REditorSupport.r]: O comando `r.rmarkdown.preview.openExternal` aparece várias vezes na seção `commands`.
2023-01-12 15:50:37.057 [info] [REditorSupport.r]: O comando `r.rmarkdown.preview.showSource` aparece várias vezes na seção `commands`.
2023-01-12 15:50:37.057 [info] [REditorSupport.r]: O comando `r.rmarkdown.preview.toggleStyle` aparece várias vezes na seção `commands`.
2023-01-12 15:50:37.058 [info] [REditorSupport.r]: O comando `r.rmarkdown.preview.enableAutoRefresh` aparece várias vezes na seção `commands`.
2023-01-12 15:50:37.058 [info] [REditorSupport.r]: O comando `r.rmarkdown.preview.disableAutoRefresh` aparece várias vezes na seção `commands`.
2023-01-12 15:50:37.058 [info] [REditorSupport.r]: O comando `r.launchAddinPicker` aparece várias vezes na seção `commands`.
2023-01-12 15:50:37.058 [info] [REditorSupport.r]: O comando `r.helpPanel.back` aparece várias vezes na seção `commands`.
2023-01-12 15:50:37.059 [info] [REditorSupport.r]: O comando `r.helpPanel.forward` aparece várias vezes na seção `commands`.
2023-01-12 15:50:37.059 [info] [REditorSupport.r]: O comando `r.helpPanel.openExternal` aparece várias vezes na seção `commands`.
2023-01-12 15:50:37.059 [info] [REditorSupport.r]: O comando `r.helpPanel.searchPackage` aparece várias vezes na seção `commands`.
2023-01-12 15:50:37.060 [info] [REditorSupport.r]: O comando `r.helpPanel.openInNewPanel` aparece várias vezes na seção `commands`.
2023-01-12 15:50:37.060 [info] [REditorSupport.r]: O comando `r.helpPanel.clearCache` aparece várias vezes na seção `commands`.
2023-01-12 15:50:37.060 [info] [REditorSupport.r]: O comando `r.helpPanel.filterPackages` aparece várias vezes na seção `commands`.
2023-01-12 15:50:37.060 [info] [REditorSupport.r]: O comando `r.helpPanel.removeFromFavorites` aparece várias vezes na seção `commands`.
2023-01-12 15:50:37.061 [info] [REditorSupport.r]: O comando `r.helpPanel.addToFavorites` aparece várias vezes na seção `commands`.
2023-01-12 15:50:37.061 [info] [REditorSupport.r]: O comando `r.helpPanel.showAllPackages` aparece várias vezes na seção `commands`.
2023-01-12 15:50:37.061 [info] [REditorSupport.r]: O comando `r.helpPanel.showOnlyFavorites` aparece várias vezes na seção `commands`.
2023-01-12 15:50:37.062 [info] [REditorSupport.r]: O comando `r.helpPanel.removePackage` aparece várias vezes na seção `commands`.
2023-01-12 15:50:37.062 [info] [REditorSupport.r]: O comando `r.helpPanel.updateInstalledPackages` aparece várias vezes na seção `commands`.
2023-01-12 15:50:37.062 [info] [REditorSupport.r]: O comando `r.helpPanel.updatePackage` aparece várias vezes na seção `commands`.
2023-01-12 15:50:37.063 [info] [REditorSupport.r]: O comando `r.helpPanel.installPackages` aparece várias vezes na seção `commands`.
2023-01-12 15:50:37.063 [info] [REditorSupport.r]: O comando `r.helpPanel.showQuickPick` aparece várias vezes na seção `commands`.
2023-01-12 15:50:37.063 [info] [REditorSupport.r]: O comando `r.helpPanel.summarizeTopics` aparece várias vezes na seção `commands`.
2023-01-12 15:50:37.063 [info] [REditorSupport.r]: O comando `r.helpPanel.unsummarizeTopics` aparece várias vezes na seção `commands`.
2023-01-12 15:50:37.064 [info] [REditorSupport.r]: O comando `r.helpPanel.openForSelection` aparece várias vezes na seção `commands`.
2023-01-12 15:50:37.064 [info] [REditorSupport.r]: O comando `r.helpPanel.openForPath` aparece várias vezes na seção `commands`.
2023-01-12 15:50:37.064 [info] [REditorSupport.r]: O comando `r.liveShare.toggle` aparece várias vezes na seção `commands`.
2023-01-12 15:50:37.065 [info] [REditorSupport.r]: O comando `r.liveShare.retry` aparece várias vezes na seção `commands`.
2023-01-12 15:50:37.065 [info] [REditorSupport.r]: O comando `r.plot.toggleStyle` aparece várias vezes na seção `commands`.
2023-01-12 15:50:37.065 [info] [REditorSupport.r]: O comando `r.plot.toggleFullWindow` aparece várias vezes na seção `commands`.
2023-01-12 15:50:37.066 [info] [REditorSupport.r]: O comando `r.plot.togglePreviewPlots` aparece várias vezes na seção `commands`.
2023-01-12 15:50:37.066 [info] [REditorSupport.r]: O comando `r.plot.exportPlot` aparece várias vezes na seção `commands`.
2023-01-12 15:50:37.066 [info] [REditorSupport.r]: O comando `r.plot.closePlot` aparece várias vezes na seção `commands`.
2023-01-12 15:50:37.067 [info] [REditorSupport.r]: O comando `r.plot.hidePlot` aparece várias vezes na seção `commands`.
2023-01-12 15:50:37.067 [info] [REditorSupport.r]: O comando `r.plot.resetPlots` aparece várias vezes na seção `commands`.
2023-01-12 15:50:37.067 [info] [REditorSupport.r]: O comando `r.plot.prevPlot` aparece várias vezes na seção `commands`.
2023-01-12 15:50:37.068 [info] [REditorSupport.r]: O comando `r.plot.nextPlot` aparece várias vezes na seção `commands`.
2023-01-12 15:50:37.068 [info] [REditorSupport.r]: O comando `r.plot.firstPlot` aparece várias vezes na seção `commands`.
2023-01-12 15:50:37.068 [info] [REditorSupport.r]: O comando `r.plot.lastPlot` aparece várias vezes na seção `commands`.
2023-01-12 15:50:37.068 [info] [REditorSupport.r]: O comando `r.plot.zoomIn` aparece várias vezes na seção `commands`.
2023-01-12 15:50:37.069 [info] [REditorSupport.r]: O comando `r.plot.zoomOut` aparece várias vezes na seção `commands`.
2023-01-12 15:50:37.069 [info] [REditorSupport.r]: O comando `r.plot.showViewers` aparece várias vezes na seção `commands`.
2023-01-12 15:50:37.069 [info] [REditorSupport.r]: O comando `r.plot.openUrl` aparece várias vezes na seção `commands`.
2023-01-12 15:50:37.070 [info] [REditorSupport.r]: O comando `r.plot.openExternal` aparece várias vezes na seção `commands`.
2023-01-12 15:50:37.070 [info] [REditorSupport.r]: O submenu `r.knitCommands` já foi registrado anteriormente.
2023-01-12 15:50:37.070 [warning] [REditorSupport.r]: Já foi feita a contribuição do submenu `r.knitCommands` para o menu `editor/title`.
2023-01-12 15:50:37.153 [error] [REditorSupport.r]: Não é possível registrar vários modos de exibição com a mesma id `workspaceViewer`
2023-01-12 15:50:37.153 [error] [REditorSupport.r]: Não é possível registrar vários modos de exibição com a mesma id `rHelpPages`
2023-01-12 15:50:37.153 [error] [REditorSupport.r]: Não é possível registrar vários modos de exibição com a mesma id `rLiveShare`
2023-01-12 15:50:37.847 [debug] [Registering Log Channel] File does not exist. Waiting for 1s to retry. file:///home/cadu/.config/VSCodium/logs/20230112T155035/userDataSync.log
2023-01-12 15:50:38.849 [debug] [Registering Log Channel] File does not exist. Waiting for 1s to retry. file:///home/cadu/.config/VSCodium/logs/20230112T155035/userDataSync.log
2023-01-12 15:50:39.864 [info] [perf] Render performance baseline is 63ms
2023-01-12 15:50:39.865 [debug] [Registering Log Channel] File does not exist. Waiting for 1s to retry. file:///home/cadu/.config/VSCodium/logs/20230112T155035/userDataSync.log
2023-01-12 15:50:40.874 [debug] [Registering Log Channel] File does not exist. Waiting for 1s to retry. file:///home/cadu/.config/VSCodium/logs/20230112T155035/userDataSync.log
2023-01-12 15:50:41.880 [debug] [Registering Log Channel] File does not exist. Waiting for 1s to retry. file:///home/cadu/.config/VSCodium/logs/20230112T155035/userDataSync.log
2023-01-12 15:50:42.885 [debug] [Registering Log Channel] File does not exist. Waiting for 1s to retry. file:///home/cadu/.config/VSCodium/logs/20230112T155035/userDataSync.log
2023-01-12 15:50:43.890 [debug] [Registering Log Channel] File does not exist. Waiting for 1s to retry. file:///home/cadu/.config/VSCodium/logs/20230112T155035/userDataSync.log
2023-01-12 15:50:44.892 [debug] [Registering Log Channel] File does not exist. Waiting for 1s to retry. file:///home/cadu/.config/VSCodium/logs/20230112T155035/userDataSync.log
2023-01-12 15:50:45.897 [debug] [Registering Log Channel] File does not exist. Waiting for 1s to retry. file:///home/cadu/.config/VSCodium/logs/20230112T155035/userDataSync.log
2023-01-12 15:50:46.901 [error] Error while registering log channel file:///home/cadu/.config/VSCodium/logs/20230112T155035/userDataSync.log Timed out while waiting for file to be created
2023-01-12 15:51:40.235 [debug] suggest.durations.json {"entries":[{"providerName":"snippetCompletions","elapsedProvider":0.900000000372529,"elapsedOverall":1.299999998882413}],"elapsed":15.099999999627471}
