2023-01-22 06:58:43.854 [info] Added views:workbench.panel.markers.view in workbench.panel.markers
2023-01-22 06:58:43.854 [info] Added views:workbench.panel.output in workbench.panel.output
2023-01-22 06:58:43.854 [info] Added views:terminal in terminal
2023-01-22 06:58:43.854 [info] Added views:outline in workbench.view.explorer
2023-01-22 06:58:43.854 [info] Added views:workbench.scm in workbench.view.scm
2023-01-22 06:58:43.854 [info] Added views:workbench.view.search in workbench.view.search
2023-01-22 06:58:43.854 [info] Added views:timeline in workbench.view.explorer
2023-01-22 06:58:43.854 [info] Added views:workbench.explorer.fileView in workbench.view.explorer
2023-01-22 06:58:44.017 [info] Added views:workbench.debug.welcome in workbench.view.debug
2023-01-22 06:58:44.715 [info] Added views:pr:github,issues:github in workbench.view.extension.github-pull-requests
2023-01-22 06:58:45.407 [info] Added views:workbench.panel.repl.view in workbench.panel.repl
2023-01-22 06:59:12.379 [info] Added views:workbench.panel.markers.view in workbench.panel.markers
2023-01-22 06:59:12.379 [info] Added views:workbench.panel.output in workbench.panel.output
2023-01-22 06:59:12.379 [info] Added views:terminal in terminal
2023-01-22 06:59:12.379 [info] Added views:outline in workbench.view.explorer
2023-01-22 06:59:12.379 [info] Added views:workbench.scm in workbench.view.scm
2023-01-22 06:59:12.379 [info] Added views:workbench.view.search in workbench.view.search
2023-01-22 06:59:12.379 [info] Added views:timeline in workbench.view.explorer
2023-01-22 06:59:12.379 [info] Added views:workbench.explorer.emptyView in workbench.view.explorer
2023-01-22 06:59:12.379 [info] Added views:workbench.debug.variablesView,workbench.debug.watchExpressionsView,workbench.debug.callStackView,workbench.debug.breakPointsView in workbench.view.debug
2023-01-22 06:59:12.823 [info] Added views:pr:github,issues:github in workbench.view.extension.github-pull-requests
2023-01-22 06:59:13.381 [info] Added views:workbench.panel.repl.view in workbench.panel.repl
2023-01-22 06:59:13.382 [info] Removed views:workbench.debug.breakPointsView,workbench.debug.callStackView,workbench.debug.watchExpressionsView,workbench.debug.variablesView from workbench.view.debug
2023-01-22 06:59:13.383 [info] Added views:workbench.debug.welcome in workbench.view.debug
