2023-01-14 15:25:47.168 [info] Nível de log: Debug
2023-01-14 15:25:47.168 [info] Validando o git encontrado em: git
2023-01-14 15:25:47.168 [info] Usando git ''2.39.0'' de ''git''
2023-01-14 15:25:47.168 [info] > git rev-parse --show-toplevel [14ms]
2023-01-14 15:25:47.168 [info] fatal: not a git repository (or any parent up to mount point /)
Stopping at filesystem boundary (GIT_DISCOVERY_ACROSS_FILESYSTEM not set).
2023-01-14 15:25:47.269 [info] > git rev-parse --show-toplevel [119ms]
2023-01-14 15:25:47.269 [info] fatal: not a git repository (or any parent up to mount point /)
Stopping at filesystem boundary (GIT_DISCOVERY_ACROSS_FILESYSTEM not set).
2023-01-14 15:25:47.303 [info] > git rev-parse --show-toplevel [27ms]
2023-01-14 15:25:47.303 [info] fatal: not a git repository (or any parent up to mount point /)
Stopping at filesystem boundary (GIT_DISCOVERY_ACROSS_FILESYSTEM not set).
2023-01-14 15:25:47.312 [info] > git rev-parse --show-toplevel [2ms]
2023-01-14 15:25:47.312 [info] fatal: not a git repository (or any parent up to mount point /)
Stopping at filesystem boundary (GIT_DISCOVERY_ACROSS_FILESYSTEM not set).
2023-01-14 15:25:47.331 [info] > git rev-parse --show-toplevel [12ms]
2023-01-14 15:25:47.331 [info] fatal: not a git repository (or any parent up to mount point /)
Stopping at filesystem boundary (GIT_DISCOVERY_ACROSS_FILESYSTEM not set).
2023-01-14 15:25:47.840 [info] > git rev-parse --show-toplevel [1ms]
2023-01-14 15:25:47.840 [info] fatal: not a git repository (or any parent up to mount point /)
Stopping at filesystem boundary (GIT_DISCOVERY_ACROSS_FILESYSTEM not set).
2023-01-14 15:31:15.610 [info] > git rev-parse --show-toplevel [1ms]
2023-01-14 15:31:15.610 [info] fatal: not a git repository (or any parent up to mount point /)
Stopping at filesystem boundary (GIT_DISCOVERY_ACROSS_FILESYSTEM not set).
2023-01-14 15:34:09.723 [info] > git rev-parse --show-toplevel [5ms]
2023-01-14 15:34:09.723 [info] fatal: not a git repository (or any parent up to mount point /)
Stopping at filesystem boundary (GIT_DISCOVERY_ACROSS_FILESYSTEM not set).
2023-01-14 15:34:52.646 [info] > git rev-parse --show-toplevel [7ms]
2023-01-14 15:34:52.646 [info] fatal: not a git repository (or any parent up to mount point /)
Stopping at filesystem boundary (GIT_DISCOVERY_ACROSS_FILESYSTEM not set).
2023-01-14 15:35:30.211 [info] > git rev-parse --show-toplevel [9ms]
2023-01-14 15:35:30.211 [info] fatal: not a git repository (or any parent up to mount point /)
Stopping at filesystem boundary (GIT_DISCOVERY_ACROSS_FILESYSTEM not set).
2023-01-14 15:44:20.493 [info] > git rev-parse --show-toplevel [2ms]
2023-01-14 15:44:20.493 [info] fatal: not a git repository (or any parent up to mount point /)
Stopping at filesystem boundary (GIT_DISCOVERY_ACROSS_FILESYSTEM not set).
2023-01-14 15:44:38.063 [info] > git rev-parse --show-toplevel [2ms]
2023-01-14 15:44:38.063 [info] fatal: not a git repository (or any parent up to mount point /)
Stopping at filesystem boundary (GIT_DISCOVERY_ACROSS_FILESYSTEM not set).
