2023-01-20 07:51:20.107 [info] Extension host with pid 30695 started
2023-01-20 07:51:20.107 [info] Skipping acquiring lock for /home/cadu/.config/VSCodium/User/workspaceStorage/ed63878dd5e00e228a6ea67a81274cc7.
2023-01-20 07:51:20.216 [info] ExtensionService#_doActivateExtension amirHA.better-comments-2, startup: false, activationEvent: 'onLanguage:plaintext'
2023-01-20 07:51:20.217 [info] ExtensionService#_doActivateExtension vscode.npm, startup: false, activationEvent: 'onLanguage:properties'
2023-01-20 07:51:20.217 [info] ExtensionService#_doActivateExtension foxundermoon.shell-format, startup: false, activationEvent: 'onLanguage:properties'
2023-01-20 07:51:20.217 [info] ExtensionService#_doActivateExtension vscode.git-base, startup: true, activationEvent: '*', root cause: vscode.git
2023-01-20 07:51:20.241 [debug] ExtHostSearch /usr/share/vscodium/resources/app/node_modules.asar.unpacked/@vscode/ripgrep/bin/rg --files --hidden --case-sensitive -g '/*/pubspec.yaml' -g '/*/*/pubspec.yaml' -g '/*.dart' -g '/*/*.dart' -g '/*/*/*.dart' -g '!**/.git' -g '!**/.svn' -g '!**/.hg' -g '!**/CVS' -g '!**/.DS_Store' -g '!**/Thumbs.db' -g '!**/node_modules' -g '!**/bower_components' -g '!**/*.code-search' --no-ignore-parent --follow --quiet --no-config --no-ignore-global
 - cwd: /home/cadu/.config/eww
 - Sibling clauses: {}
2023-01-20 07:51:20.249 [debug] ExtHostSearch /usr/share/vscodium/resources/app/node_modules.asar.unpacked/@vscode/ripgrep/bin/rg --files --hidden --case-sensitive -g '**/*.{rproj,Rproj,r,R,rd,Rd,rmd,Rmd}' -g '!**/.git' -g '!**/.svn' -g '!**/.hg' -g '!**/CVS' -g '!**/.DS_Store' -g '!**/Thumbs.db' -g '!**/node_modules' -g '!**/bower_components' -g '!**/*.code-search' --no-ignore-parent --follow --quiet --no-config --no-ignore-global
 - cwd: /home/cadu/.config/eww
 - Sibling clauses: {}
2023-01-20 07:51:20.256 [debug] ExtHostSearch /usr/share/vscodium/resources/app/node_modules.asar.unpacked/@vscode/ripgrep/bin/rg --files --hidden --case-sensitive -g '**/*.{rproj,Rproj,r,R,rd,Rd,rmd,Rmd}' -g '!**/.git' -g '!**/.svn' -g '!**/.hg' -g '!**/CVS' -g '!**/.DS_Store' -g '!**/Thumbs.db' -g '!**/node_modules' -g '!**/bower_components' -g '!**/*.code-search' --no-ignore-parent --follow --quiet --no-config --no-ignore-global
 - cwd: /home/cadu/.config/eww
 - Sibling clauses: {}
2023-01-20 07:51:20.264 [debug] ExtHostSearch /usr/share/vscodium/resources/app/node_modules.asar.unpacked/@vscode/ripgrep/bin/rg --files --hidden --case-sensitive -g '**/pubspec.yaml' -g '!**/.git' -g '!**/.svn' -g '!**/.hg' -g '!**/CVS' -g '!**/.DS_Store' -g '!**/Thumbs.db' -g '!**/node_modules' -g '!**/bower_components' -g '!**/*.code-search' --no-ignore-parent --follow --quiet --no-config --no-ignore-global
 - cwd: /home/cadu/.config/eww
 - Sibling clauses: {}
2023-01-20 07:51:20.340 [info] ExtensionService#_doActivateExtension formulahendry.code-runner, startup: false, activationEvent: 'onLanguage:code-runner-output'
2023-01-20 07:51:20.412 [info] ExtensionService#_doActivateExtension vscode.git, startup: true, activationEvent: '*'
2023-01-20 07:51:20.412 [info] ExtensionService#_doActivateExtension vscode.github, startup: true, activationEvent: '*'
2023-01-20 07:51:20.423 [debug] ExtHostSearch /usr/share/vscodium/resources/app/node_modules.asar.unpacked/@vscode/ripgrep/bin/rg --files --hidden --case-sensitive -g '**/package.json' -g '!**/.git' -g '!**/.svn' -g '!**/.hg' -g '!**/CVS' -g '!**/.DS_Store' -g '!**/Thumbs.db' --no-ignore --follow --no-config --no-ignore-global
 - cwd: /home/cadu/.config/eww
 - Sibling clauses: {}
2023-01-20 07:51:20.548 [info] Eager extensions activated
2023-01-20 07:51:20.580 [info] ExtensionService#_doActivateExtension vscode.debug-auto-launch, startup: false, activationEvent: 'onStartupFinished'
2023-01-20 07:51:20.581 [info] ExtensionService#_doActivateExtension vscode.emmet, startup: false, activationEvent: 'onStartupFinished'
2023-01-20 07:51:20.581 [info] ExtensionService#_doActivateExtension vscode.merge-conflict, startup: false, activationEvent: 'onStartupFinished'
2023-01-20 07:51:20.582 [info] ExtensionService#_doActivateExtension aaron-bond.better-comments, startup: false, activationEvent: 'onStartupFinished'
2023-01-20 07:51:20.582 [info] ExtensionService#_doActivateExtension vscode.github-authentication, startup: false, activationEvent: 'onStartupFinished', root cause: GitHub.vscode-pull-request-github
2023-01-20 07:51:20.582 [info] ExtensionService#_doActivateExtension PKief.material-icon-theme, startup: false, activationEvent: 'onStartupFinished'
2023-01-20 07:51:20.583 [info] ExtensionService#_doActivateExtension ritwickdey.LiveServer, startup: false, activationEvent: 'onStartupFinished'
2023-01-20 07:51:20.583 [info] ExtensionService#_doActivateExtension usernamehw.errorlens, startup: false, activationEvent: 'onStartupFinished'
2023-01-20 07:51:20.807 [info] ExtensionService#_doActivateExtension GitHub.vscode-pull-request-github, startup: false, activationEvent: 'onStartupFinished'
2023-01-20 07:51:21.353 [debug] ProxyResolver#getCaCertificates count 141
2023-01-20 07:51:21.397 [debug] ProxyResolver#resolveProxy https://default.exp-tas.com/vscode/ab DIRECT 
2023-01-20 07:51:59.827 [info] ExtensionService#_doActivateExtension eww-yuck.yuck, startup: false, activationEvent: 'onLanguage:yuck'
2023-01-20 07:55:15.514 [info] ExtensionService#_doActivateExtension vscode.css-language-features, startup: false, activationEvent: 'onLanguage:scss'
2023-01-20 07:55:15.515 [info] ExtensionService#_doActivateExtension sibiraj-s.vscode-scss-formatter, startup: false, activationEvent: 'onLanguage:scss'
2023-01-20 07:55:15.654 [warning] Using default string since no string found in i18n bundle that has the key: CSS Language Server
2023-01-20 08:21:22.352 [error] Error: getaddrinfo EAI_AGAIN default.exp-tas.com
	at GetAddrInfoReqWrap.onlookup [as oncomplete] (node:dns:71:26)
2023-01-20 08:24:20.620 [info] Extension host terminating: received terminate message from renderer
2023-01-20 08:24:20.675 [info] Extension host with pid 30695 exiting with code 0
