2023-01-12 14:03:23.335 [debug] [Registering Log Channel] File does not exist. Waiting for 1s to retry. file:///home/cadu/.config/VSCodium/logs/20230112T140321/userDataSync.log
2023-01-12 14:03:23.336 [debug] [Registering Log Channel] File does not exist. Waiting for 1s to retry. file:///home/cadu/.config/VSCodium/logs/20230112T140321/editSessions.log
2023-01-12 14:03:23.336 [debug] [Registering Log Channel] File does not exist. Waiting for 1s to retry. file:///home/cadu/.config/VSCodium/logs/20230112T140321/sharedprocess.log
2023-01-12 14:03:23.336 [debug] [Registering Log Channel] File does not exist. Waiting for 1s to retry. file:///home/cadu/.config/VSCodium/logs/20230112T140321/ptyhost.log
2023-01-12 14:03:23.385 [debug] ComputeTargetPlatform: linux-x64
2023-01-12 14:03:23.427 [warning] [amirHA.better-comments-2]: Não é possível registrar 'better-comments.multilineComments'. Esta propriedade já está registrada.
2023-01-12 14:03:23.428 [warning] [amirHA.better-comments-2]: Não é possível registrar 'better-comments.highlightPlainText'. Esta propriedade já está registrada.
2023-01-12 14:03:23.428 [warning] [amirHA.better-comments-2]: Não é possível registrar 'better-comments.tags'. Esta propriedade já está registrada.
2023-01-12 14:03:23.431 [warning] [REditorSupport.r]: Não é possível registrar 'r.rpath.windows'. Esta propriedade já está registrada.
2023-01-12 14:03:23.431 [warning] [REditorSupport.r]: Não é possível registrar 'r.rpath.mac'. Esta propriedade já está registrada.
2023-01-12 14:03:23.432 [warning] [REditorSupport.r]: Não é possível registrar 'r.rpath.linux'. Esta propriedade já está registrada.
2023-01-12 14:03:23.432 [warning] [REditorSupport.r]: Não é possível registrar 'r.rterm.windows'. Esta propriedade já está registrada.
2023-01-12 14:03:23.432 [warning] [REditorSupport.r]: Não é possível registrar 'r.rterm.mac'. Esta propriedade já está registrada.
2023-01-12 14:03:23.433 [warning] [REditorSupport.r]: Não é possível registrar 'r.rterm.linux'. Esta propriedade já está registrada.
2023-01-12 14:03:23.433 [warning] [REditorSupport.r]: Não é possível registrar 'r.rterm.option'. Esta propriedade já está registrada.
2023-01-12 14:03:23.433 [warning] [REditorSupport.r]: Não é possível registrar 'r.lsp.enabled'. Esta propriedade já está registrada.
2023-01-12 14:03:23.434 [warning] [REditorSupport.r]: Não é possível registrar 'r.lsp.args'. Esta propriedade já está registrada.
2023-01-12 14:03:23.434 [warning] [REditorSupport.r]: Não é possível registrar 'r.lsp.debug'. Esta propriedade já está registrada.
2023-01-12 14:03:23.435 [warning] [REditorSupport.r]: Não é possível registrar 'r.lsp.diagnostics'. Esta propriedade já está registrada.
2023-01-12 14:03:23.435 [warning] [REditorSupport.r]: Não é possível registrar 'r.lsp.lang'. Esta propriedade já está registrada.
2023-01-12 14:03:23.435 [warning] [REditorSupport.r]: Não é possível registrar 'r.lsp.use_stdio'. Esta propriedade já está registrada.
2023-01-12 14:03:23.436 [warning] [REditorSupport.r]: Não é possível registrar 'r.rmarkdown.codeLensCommands'. Esta propriedade já está registrada.
2023-01-12 14:03:23.436 [warning] [REditorSupport.r]: Não é possível registrar 'r.rmarkdown.enableCodeLens'. Esta propriedade já está registrada.
2023-01-12 14:03:23.436 [warning] [REditorSupport.r]: Não é possível registrar 'r.rmarkdown.chunkBackgroundColor'. Esta propriedade já está registrada.
2023-01-12 14:03:23.437 [warning] [REditorSupport.r]: Não é possível registrar 'r.rmarkdown.preview.autoRefresh'. Esta propriedade já está registrada.
2023-01-12 14:03:23.437 [warning] [REditorSupport.r]: Não é possível registrar 'r.rmarkdown.knit.useBackgroundProcess'. Esta propriedade já está registrada.
2023-01-12 14:03:23.437 [warning] [REditorSupport.r]: Não é possível registrar 'r.rmarkdown.knit.focusOutputChannel'. Esta propriedade já está registrada.
2023-01-12 14:03:23.437 [warning] [REditorSupport.r]: Não é possível registrar 'r.rmarkdown.knit.openOutputFile'. Esta propriedade já está registrada.
2023-01-12 14:03:23.438 [warning] [REditorSupport.r]: Não é possível registrar 'r.rmarkdown.knit.command'. Esta propriedade já está registrada.
2023-01-12 14:03:23.438 [warning] [REditorSupport.r]: Não é possível registrar 'r.rmarkdown.knit.defaults.knitWorkingDirectory'. Esta propriedade já está registrada.
2023-01-12 14:03:23.438 [warning] [REditorSupport.r]: Não é possível registrar 'r.helpPanel.enableSyntaxHighlighting'. Esta propriedade já está registrada.
2023-01-12 14:03:23.439 [warning] [REditorSupport.r]: Não é possível registrar 'r.helpPanel.cacheIndexFiles'. Esta propriedade já está registrada.
2023-01-12 14:03:23.439 [warning] [REditorSupport.r]: Não é possível registrar 'r.helpPanel.rpath'. Esta propriedade já está registrada.
2023-01-12 14:03:23.439 [warning] [REditorSupport.r]: Não é possível registrar 'r.helpPanel.enableHoverLinks'. Esta propriedade já está registrada.
2023-01-12 14:03:23.439 [warning] [REditorSupport.r]: Não é possível registrar 'r.source.encoding'. Esta propriedade já está registrada.
2023-01-12 14:03:23.440 [warning] [REditorSupport.r]: Não é possível registrar 'r.source.focus'. Esta propriedade já está registrada.
2023-01-12 14:03:23.440 [warning] [REditorSupport.r]: Não é possível registrar 'r.alwaysUseActiveTerminal'. Esta propriedade já está registrada.
2023-01-12 14:03:23.440 [warning] [REditorSupport.r]: Não é possível registrar 'r.bracketedPaste'. Esta propriedade já está registrada.
2023-01-12 14:03:23.441 [warning] [REditorSupport.r]: Não é possível registrar 'r.sessionWatcher'. Esta propriedade já está registrada.
2023-01-12 14:03:23.441 [warning] [REditorSupport.r]: Não é possível registrar 'r.session.watchGlobalEnvironment'. Esta propriedade já está registrada.
2023-01-12 14:03:23.441 [warning] [REditorSupport.r]: Não é possível registrar 'r.session.objectLengthLimit'. Esta propriedade já está registrada.
2023-01-12 14:03:23.442 [warning] [REditorSupport.r]: Não é possível registrar 'r.session.objectTimeout'. Esta propriedade já está registrada.
2023-01-12 14:03:23.442 [warning] [REditorSupport.r]: Não é possível registrar 'r.session.levelOfObjectDetail'. Esta propriedade já está registrada.
2023-01-12 14:03:23.442 [warning] [REditorSupport.r]: Não é possível registrar 'r.session.emulateRStudioAPI'. Esta propriedade já está registrada.
2023-01-12 14:03:23.442 [warning] [REditorSupport.r]: Não é possível registrar 'r.session.data.rowLimit'. Esta propriedade já está registrada.
2023-01-12 14:03:23.443 [warning] [REditorSupport.r]: Não é possível registrar 'r.session.viewers.viewColumn'. Esta propriedade já está registrada.
2023-01-12 14:03:23.443 [warning] [REditorSupport.r]: Não é possível registrar 'r.rtermSendDelay'. Esta propriedade já está registrada.
2023-01-12 14:03:23.443 [warning] [REditorSupport.r]: Não é possível registrar 'r.workspaceViewer.showObjectSize'. Esta propriedade já está registrada.
2023-01-12 14:03:23.443 [warning] [REditorSupport.r]: Não é possível registrar 'r.workspaceViewer.removeHiddenItems'. Esta propriedade já está registrada.
2023-01-12 14:03:23.444 [warning] [REditorSupport.r]: Não é possível registrar 'r.workspaceViewer.clearPrompt'. Esta propriedade já está registrada.
2023-01-12 14:03:23.444 [warning] [REditorSupport.r]: Não é possível registrar 'r.liveShare.timeout'. Esta propriedade já está registrada.
2023-01-12 14:03:23.444 [warning] [REditorSupport.r]: Não é possível registrar 'r.liveShare.defaults.commandForward'. Esta propriedade já está registrada.
2023-01-12 14:03:23.444 [warning] [REditorSupport.r]: Não é possível registrar 'r.liveShare.defaults.shareWorkspace'. Esta propriedade já está registrada.
2023-01-12 14:03:23.445 [warning] [REditorSupport.r]: Não é possível registrar 'r.liveShare.defaults.shareBrowser'. Esta propriedade já está registrada.
2023-01-12 14:03:23.445 [warning] [REditorSupport.r]: Não é possível registrar 'r.plot.useHttpgd'. Esta propriedade já está registrada.
2023-01-12 14:03:23.445 [warning] [REditorSupport.r]: Não é possível registrar 'r.plot.defaults.colorTheme'. Esta propriedade já está registrada.
2023-01-12 14:03:23.446 [warning] [REditorSupport.r]: Não é possível registrar 'r.plot.defaults.plotPreviewLayout'. Esta propriedade já está registrada.
2023-01-12 14:03:23.446 [warning] [REditorSupport.r]: Não é possível registrar 'r.plot.defaults.fullWindowMode'. Esta propriedade já está registrada.
2023-01-12 14:03:23.446 [warning] [REditorSupport.r]: Não é possível registrar 'r.plot.timing.resizeInterval'. Esta propriedade já está registrada.
2023-01-12 14:03:23.447 [warning] [REditorSupport.r]: Não é possível registrar 'r.plot.timing.refreshInterval'. Esta propriedade já está registrada.
2023-01-12 14:03:23.447 [warning] [REditorSupport.r]: Não é possível registrar 'r.plot.customStyleOverwrites'. Esta propriedade já está registrada.
2023-01-12 14:03:23.531 [info] [REditorSupport.r]: O comando `r.workspaceViewer.refreshEntry` aparece várias vezes na seção `commands`.
2023-01-12 14:03:23.531 [info] [REditorSupport.r]: O comando `r.workspaceViewer.view` aparece várias vezes na seção `commands`.
2023-01-12 14:03:23.532 [info] [REditorSupport.r]: O comando `r.workspaceViewer.clear` aparece várias vezes na seção `commands`.
2023-01-12 14:03:23.532 [info] [REditorSupport.r]: O comando `r.workspaceViewer.remove` aparece várias vezes na seção `commands`.
2023-01-12 14:03:23.532 [info] [REditorSupport.r]: O comando `r.workspaceViewer.save` aparece várias vezes na seção `commands`.
2023-01-12 14:03:23.533 [info] [REditorSupport.r]: O comando `r.workspaceViewer.load` aparece várias vezes na seção `commands`.
2023-01-12 14:03:23.533 [info] [REditorSupport.r]: O comando `r.browser.refresh` aparece várias vezes na seção `commands`.
2023-01-12 14:03:23.533 [info] [REditorSupport.r]: O comando `r.browser.openExternal` aparece várias vezes na seção `commands`.
2023-01-12 14:03:23.533 [info] [REditorSupport.r]: O comando `r.showHelp` aparece várias vezes na seção `commands`.
2023-01-12 14:03:23.534 [info] [REditorSupport.r]: O comando `editor.action.webvieweditor.showFind` aparece várias vezes na seção `commands`.
2023-01-12 14:03:23.534 [info] [REditorSupport.r]: O comando `r.createRTerm` aparece várias vezes na seção `commands`.
2023-01-12 14:03:23.534 [info] [REditorSupport.r]: O comando `r.runSource` aparece várias vezes na seção `commands`.
2023-01-12 14:03:23.535 [info] [REditorSupport.r]: O comando `r.knitRmd` aparece várias vezes na seção `commands`.
2023-01-12 14:03:23.535 [info] [REditorSupport.r]: O comando `r.knitRmdToPdf` aparece várias vezes na seção `commands`.
2023-01-12 14:03:23.535 [info] [REditorSupport.r]: O comando `r.knitRmdToHtml` aparece várias vezes na seção `commands`.
2023-01-12 14:03:23.536 [info] [REditorSupport.r]: O comando `r.knitRmdToAll` aparece várias vezes na seção `commands`.
2023-01-12 14:03:23.536 [info] [REditorSupport.r]: O comando `r.runSourcewithEcho` aparece várias vezes na seção `commands`.
2023-01-12 14:03:23.536 [info] [REditorSupport.r]: O comando `r.runSelection` aparece várias vezes na seção `commands`.
2023-01-12 14:03:23.537 [info] [REditorSupport.r]: O comando `r.nrow` aparece várias vezes na seção `commands`.
2023-01-12 14:03:23.537 [info] [REditorSupport.r]: O comando `r.length` aparece várias vezes na seção `commands`.
2023-01-12 14:03:23.537 [info] [REditorSupport.r]: O comando `r.head` aparece várias vezes na seção `commands`.
2023-01-12 14:03:23.537 [info] [REditorSupport.r]: O comando `r.thead` aparece várias vezes na seção `commands`.
2023-01-12 14:03:23.538 [info] [REditorSupport.r]: O comando `r.names` aparece várias vezes na seção `commands`.
2023-01-12 14:03:23.538 [info] [REditorSupport.r]: O comando `r.createGitignore` aparece várias vezes na seção `commands`.
2023-01-12 14:03:23.538 [info] [REditorSupport.r]: O comando `r.previewDataframe` aparece várias vezes na seção `commands`.
2023-01-12 14:03:23.538 [info] [REditorSupport.r]: O comando `r.previewEnvironment` aparece várias vezes na seção `commands`.
2023-01-12 14:03:23.540 [info] [REditorSupport.r]: O comando `r.loadAll` aparece várias vezes na seção `commands`.
2023-01-12 14:03:23.540 [info] [REditorSupport.r]: O comando `r.build` aparece várias vezes na seção `commands`.
2023-01-12 14:03:23.540 [info] [REditorSupport.r]: O comando `r.check` aparece várias vezes na seção `commands`.
2023-01-12 14:03:23.541 [info] [REditorSupport.r]: O comando `r.document` aparece várias vezes na seção `commands`.
2023-01-12 14:03:23.541 [info] [REditorSupport.r]: O comando `r.install` aparece várias vezes na seção `commands`.
2023-01-12 14:03:23.542 [info] [REditorSupport.r]: O comando `r.test` aparece várias vezes na seção `commands`.
2023-01-12 14:03:23.542 [info] [REditorSupport.r]: O comando `r.attachActive` aparece várias vezes na seção `commands`.
2023-01-12 14:03:23.542 [info] [REditorSupport.r]: O comando `r.runCommandWithSelectionOrWord` aparece várias vezes na seção `commands`.
2023-01-12 14:03:23.543 [info] [REditorSupport.r]: O comando `r.runCommandWithEditorPath` aparece várias vezes na seção `commands`.
2023-01-12 14:03:23.543 [info] [REditorSupport.r]: O comando `r.runCommand` aparece várias vezes na seção `commands`.
2023-01-12 14:03:23.543 [info] [REditorSupport.r]: O comando `r.runFromBeginningToLine` aparece várias vezes na seção `commands`.
2023-01-12 14:03:23.544 [info] [REditorSupport.r]: O comando `r.runFromLineToEnd` aparece várias vezes na seção `commands`.
2023-01-12 14:03:23.544 [info] [REditorSupport.r]: O comando `r.runSelectionRetainCursor` aparece várias vezes na seção `commands`.
2023-01-12 14:03:23.544 [info] [REditorSupport.r]: O comando `r.selectCurrentChunk` aparece várias vezes na seção `commands`.
2023-01-12 14:03:23.545 [info] [REditorSupport.r]: O comando `r.runCurrentChunk` aparece várias vezes na seção `commands`.
2023-01-12 14:03:23.545 [info] [REditorSupport.r]: O comando `r.runPreviousChunk` aparece várias vezes na seção `commands`.
2023-01-12 14:03:23.545 [info] [REditorSupport.r]: O comando `r.runNextChunk` aparece várias vezes na seção `commands`.
2023-01-12 14:03:23.546 [info] [REditorSupport.r]: O comando `r.runAboveChunks` aparece várias vezes na seção `commands`.
2023-01-12 14:03:23.546 [info] [REditorSupport.r]: O comando `r.runCurrentAndBelowChunks` aparece várias vezes na seção `commands`.
2023-01-12 14:03:23.547 [info] [REditorSupport.r]: O comando `r.runBelowChunks` aparece várias vezes na seção `commands`.
2023-01-12 14:03:23.547 [info] [REditorSupport.r]: O comando `r.runAllChunks` aparece várias vezes na seção `commands`.
2023-01-12 14:03:23.547 [info] [REditorSupport.r]: O comando `r.goToPreviousChunk` aparece várias vezes na seção `commands`.
2023-01-12 14:03:23.548 [info] [REditorSupport.r]: O comando `r.goToNextChunk` aparece várias vezes na seção `commands`.
2023-01-12 14:03:23.548 [info] [REditorSupport.r]: O comando `r.rmarkdown.newDraft` aparece várias vezes na seção `commands`.
2023-01-12 14:03:23.548 [info] [REditorSupport.r]: O comando `r.rmarkdown.setKnitDirectory` aparece várias vezes na seção `commands`.
2023-01-12 14:03:23.548 [info] [REditorSupport.r]: O comando `r.rmarkdown.showPreviewToSide` aparece várias vezes na seção `commands`.
2023-01-12 14:03:23.549 [info] [REditorSupport.r]: O comando `r.rmarkdown.showPreview` aparece várias vezes na seção `commands`.
2023-01-12 14:03:23.549 [info] [REditorSupport.r]: O comando `r.rmarkdown.preview.refresh` aparece várias vezes na seção `commands`.
2023-01-12 14:03:23.549 [info] [REditorSupport.r]: O comando `r.rmarkdown.preview.openExternal` aparece várias vezes na seção `commands`.
2023-01-12 14:03:23.550 [info] [REditorSupport.r]: O comando `r.rmarkdown.preview.showSource` aparece várias vezes na seção `commands`.
2023-01-12 14:03:23.550 [info] [REditorSupport.r]: O comando `r.rmarkdown.preview.toggleStyle` aparece várias vezes na seção `commands`.
2023-01-12 14:03:23.550 [info] [REditorSupport.r]: O comando `r.rmarkdown.preview.enableAutoRefresh` aparece várias vezes na seção `commands`.
2023-01-12 14:03:23.551 [info] [REditorSupport.r]: O comando `r.rmarkdown.preview.disableAutoRefresh` aparece várias vezes na seção `commands`.
2023-01-12 14:03:23.552 [info] [REditorSupport.r]: O comando `r.launchAddinPicker` aparece várias vezes na seção `commands`.
2023-01-12 14:03:23.552 [info] [REditorSupport.r]: O comando `r.helpPanel.back` aparece várias vezes na seção `commands`.
2023-01-12 14:03:23.552 [info] [REditorSupport.r]: O comando `r.helpPanel.forward` aparece várias vezes na seção `commands`.
2023-01-12 14:03:23.553 [info] [REditorSupport.r]: O comando `r.helpPanel.openExternal` aparece várias vezes na seção `commands`.
2023-01-12 14:03:23.553 [info] [REditorSupport.r]: O comando `r.helpPanel.searchPackage` aparece várias vezes na seção `commands`.
2023-01-12 14:03:23.553 [info] [REditorSupport.r]: O comando `r.helpPanel.openInNewPanel` aparece várias vezes na seção `commands`.
2023-01-12 14:03:23.553 [info] [REditorSupport.r]: O comando `r.helpPanel.clearCache` aparece várias vezes na seção `commands`.
2023-01-12 14:03:23.554 [info] [REditorSupport.r]: O comando `r.helpPanel.filterPackages` aparece várias vezes na seção `commands`.
2023-01-12 14:03:23.554 [info] [REditorSupport.r]: O comando `r.helpPanel.removeFromFavorites` aparece várias vezes na seção `commands`.
2023-01-12 14:03:23.554 [info] [REditorSupport.r]: O comando `r.helpPanel.addToFavorites` aparece várias vezes na seção `commands`.
2023-01-12 14:03:23.554 [info] [REditorSupport.r]: O comando `r.helpPanel.showAllPackages` aparece várias vezes na seção `commands`.
2023-01-12 14:03:23.555 [info] [REditorSupport.r]: O comando `r.helpPanel.showOnlyFavorites` aparece várias vezes na seção `commands`.
2023-01-12 14:03:23.555 [info] [REditorSupport.r]: O comando `r.helpPanel.removePackage` aparece várias vezes na seção `commands`.
2023-01-12 14:03:23.555 [info] [REditorSupport.r]: O comando `r.helpPanel.updateInstalledPackages` aparece várias vezes na seção `commands`.
2023-01-12 14:03:23.556 [info] [REditorSupport.r]: O comando `r.helpPanel.updatePackage` aparece várias vezes na seção `commands`.
2023-01-12 14:03:23.556 [info] [REditorSupport.r]: O comando `r.helpPanel.installPackages` aparece várias vezes na seção `commands`.
2023-01-12 14:03:23.556 [info] [REditorSupport.r]: O comando `r.helpPanel.showQuickPick` aparece várias vezes na seção `commands`.
2023-01-12 14:03:23.556 [info] [REditorSupport.r]: O comando `r.helpPanel.summarizeTopics` aparece várias vezes na seção `commands`.
2023-01-12 14:03:23.557 [info] [REditorSupport.r]: O comando `r.helpPanel.unsummarizeTopics` aparece várias vezes na seção `commands`.
2023-01-12 14:03:23.557 [info] [REditorSupport.r]: O comando `r.helpPanel.openForSelection` aparece várias vezes na seção `commands`.
2023-01-12 14:03:23.557 [info] [REditorSupport.r]: O comando `r.helpPanel.openForPath` aparece várias vezes na seção `commands`.
2023-01-12 14:03:23.558 [info] [REditorSupport.r]: O comando `r.liveShare.toggle` aparece várias vezes na seção `commands`.
2023-01-12 14:03:23.558 [info] [REditorSupport.r]: O comando `r.liveShare.retry` aparece várias vezes na seção `commands`.
2023-01-12 14:03:23.558 [info] [REditorSupport.r]: O comando `r.plot.toggleStyle` aparece várias vezes na seção `commands`.
2023-01-12 14:03:23.558 [info] [REditorSupport.r]: O comando `r.plot.toggleFullWindow` aparece várias vezes na seção `commands`.
2023-01-12 14:03:23.559 [info] [REditorSupport.r]: O comando `r.plot.togglePreviewPlots` aparece várias vezes na seção `commands`.
2023-01-12 14:03:23.559 [info] [REditorSupport.r]: O comando `r.plot.exportPlot` aparece várias vezes na seção `commands`.
2023-01-12 14:03:23.559 [info] [REditorSupport.r]: O comando `r.plot.closePlot` aparece várias vezes na seção `commands`.
2023-01-12 14:03:23.559 [info] [REditorSupport.r]: O comando `r.plot.hidePlot` aparece várias vezes na seção `commands`.
2023-01-12 14:03:23.560 [info] [REditorSupport.r]: O comando `r.plot.resetPlots` aparece várias vezes na seção `commands`.
2023-01-12 14:03:23.560 [info] [REditorSupport.r]: O comando `r.plot.prevPlot` aparece várias vezes na seção `commands`.
2023-01-12 14:03:23.560 [info] [REditorSupport.r]: O comando `r.plot.nextPlot` aparece várias vezes na seção `commands`.
2023-01-12 14:03:23.561 [info] [REditorSupport.r]: O comando `r.plot.firstPlot` aparece várias vezes na seção `commands`.
2023-01-12 14:03:23.561 [info] [REditorSupport.r]: O comando `r.plot.lastPlot` aparece várias vezes na seção `commands`.
2023-01-12 14:03:23.561 [info] [REditorSupport.r]: O comando `r.plot.zoomIn` aparece várias vezes na seção `commands`.
2023-01-12 14:03:23.562 [info] [REditorSupport.r]: O comando `r.plot.zoomOut` aparece várias vezes na seção `commands`.
2023-01-12 14:03:23.562 [info] [REditorSupport.r]: O comando `r.plot.showViewers` aparece várias vezes na seção `commands`.
2023-01-12 14:03:23.562 [info] [REditorSupport.r]: O comando `r.plot.openUrl` aparece várias vezes na seção `commands`.
2023-01-12 14:03:23.563 [info] [REditorSupport.r]: O comando `r.plot.openExternal` aparece várias vezes na seção `commands`.
2023-01-12 14:03:23.563 [info] [REditorSupport.r]: O submenu `r.knitCommands` já foi registrado anteriormente.
2023-01-12 14:03:23.563 [warning] [REditorSupport.r]: Já foi feita a contribuição do submenu `r.knitCommands` para o menu `editor/title`.
2023-01-12 14:03:23.645 [error] [REditorSupport.r]: Não é possível registrar vários modos de exibição com a mesma id `workspaceViewer`
2023-01-12 14:03:23.645 [error] [REditorSupport.r]: Não é possível registrar vários modos de exibição com a mesma id `rHelpPages`
2023-01-12 14:03:23.646 [error] [REditorSupport.r]: Não é possível registrar vários modos de exibição com a mesma id `rLiveShare`
2023-01-12 14:03:24.342 [debug] [Registering Log Channel] File does not exist. Waiting for 1s to retry. file:///home/cadu/.config/VSCodium/logs/20230112T140321/userDataSync.log
2023-01-12 14:03:25.343 [debug] [Registering Log Channel] File does not exist. Waiting for 1s to retry. file:///home/cadu/.config/VSCodium/logs/20230112T140321/userDataSync.log
2023-01-12 14:03:26.348 [debug] [Registering Log Channel] File does not exist. Waiting for 1s to retry. file:///home/cadu/.config/VSCodium/logs/20230112T140321/userDataSync.log
2023-01-12 14:03:26.465 [info] [perf] Render performance baseline is 31ms
2023-01-12 14:03:27.352 [debug] [Registering Log Channel] File does not exist. Waiting for 1s to retry. file:///home/cadu/.config/VSCodium/logs/20230112T140321/userDataSync.log
2023-01-12 14:03:28.357 [debug] [Registering Log Channel] File does not exist. Waiting for 1s to retry. file:///home/cadu/.config/VSCodium/logs/20230112T140321/userDataSync.log
2023-01-12 14:03:29.362 [debug] [Registering Log Channel] File does not exist. Waiting for 1s to retry. file:///home/cadu/.config/VSCodium/logs/20230112T140321/userDataSync.log
2023-01-12 14:03:30.367 [debug] [Registering Log Channel] File does not exist. Waiting for 1s to retry. file:///home/cadu/.config/VSCodium/logs/20230112T140321/userDataSync.log
2023-01-12 14:03:31.371 [debug] [Registering Log Channel] File does not exist. Waiting for 1s to retry. file:///home/cadu/.config/VSCodium/logs/20230112T140321/userDataSync.log
2023-01-12 14:03:32.376 [debug] [Registering Log Channel] File does not exist. Waiting for 1s to retry. file:///home/cadu/.config/VSCodium/logs/20230112T140321/userDataSync.log
2023-01-12 14:03:33.377 [error] Error while registering log channel file:///home/cadu/.config/VSCodium/logs/20230112T140321/userDataSync.log Timed out while waiting for file to be created
2023-01-12 14:03:49.277 [debug] suggest.durations.json {"entries":[{"providerName":"wordbasedCompletions","elapsedProvider":3.599999999627471,"elapsedOverall":12.899999999441206},{"providerName":"GitHub.vscode-pull-request-github(@)","elapsedProvider":1.43658799957484,"elapsedOverall":14.5},{"providerName":"GitHub.vscode-pull-request-github(#)","elapsedProvider":0.6359280003234744,"elapsedOverall":14.299999999813735},{"providerName":"snippetCompletions","elapsedProvider":46.89999999944121,"elapsedOverall":47.09999999962747}],"elapsed":47.80000000074506}
