2023-01-09 21:09:19.692 [info] Extension host with pid 521204 started
2023-01-09 21:09:19.692 [info] Skipping acquiring lock for /home/cadu/.config/VSCodium/User/workspaceStorage/ed63878dd5e00e228a6ea67a81274cc7.
2023-01-09 21:09:19.841 [info] ExtensionService#_doActivateExtension amirHA.better-comments-2, startup: false, activationEvent: 'onLanguage:plaintext'
2023-01-09 21:09:19.842 [info] ExtensionService#_doActivateExtension eww-yuck.yuck, startup: false, activationEvent: 'onLanguage:yuck'
2023-01-09 21:09:19.842 [info] ExtensionService#_doActivateExtension vscode.git-base, startup: true, activationEvent: '*', root cause: vscode.git
2023-01-09 21:09:19.862 [debug] ExtHostSearch /usr/share/vscodium/resources/app/node_modules.asar.unpacked/@vscode/ripgrep/bin/rg --files --hidden --case-sensitive -g '/*/pubspec.yaml' -g '/*/*/pubspec.yaml' -g '/*.dart' -g '/*/*.dart' -g '/*/*/*.dart' -g '!**/.git' -g '!**/.svn' -g '!**/.hg' -g '!**/CVS' -g '!**/.DS_Store' -g '!**/Thumbs.db' -g '!**/node_modules' -g '!**/bower_components' -g '!**/*.code-search' --no-ignore-parent --follow --quiet --no-config --no-ignore-global
 - cwd: /home/cadu/.config/eww
 - Sibling clauses: {}
2023-01-09 21:09:19.873 [debug] ExtHostSearch /usr/share/vscodium/resources/app/node_modules.asar.unpacked/@vscode/ripgrep/bin/rg --files --hidden --case-sensitive -g '**/*.{rproj,Rproj,r,R,rd,Rd,rmd,Rmd}' -g '!**/.git' -g '!**/.svn' -g '!**/.hg' -g '!**/CVS' -g '!**/.DS_Store' -g '!**/Thumbs.db' -g '!**/node_modules' -g '!**/bower_components' -g '!**/*.code-search' --no-ignore-parent --follow --quiet --no-config --no-ignore-global
 - cwd: /home/cadu/.config/eww
 - Sibling clauses: {}
2023-01-09 21:09:19.882 [debug] ExtHostSearch /usr/share/vscodium/resources/app/node_modules.asar.unpacked/@vscode/ripgrep/bin/rg --files --hidden --case-sensitive -g '**/*.{rproj,Rproj,r,R,rd,Rd,rmd,Rmd}' -g '!**/.git' -g '!**/.svn' -g '!**/.hg' -g '!**/CVS' -g '!**/.DS_Store' -g '!**/Thumbs.db' -g '!**/node_modules' -g '!**/bower_components' -g '!**/*.code-search' --no-ignore-parent --follow --quiet --no-config --no-ignore-global
 - cwd: /home/cadu/.config/eww
 - Sibling clauses: {}
2023-01-09 21:09:19.892 [debug] ExtHostSearch /usr/share/vscodium/resources/app/node_modules.asar.unpacked/@vscode/ripgrep/bin/rg --files --hidden --case-sensitive -g '**/pubspec.yaml' -g '!**/.git' -g '!**/.svn' -g '!**/.hg' -g '!**/CVS' -g '!**/.DS_Store' -g '!**/Thumbs.db' -g '!**/node_modules' -g '!**/bower_components' -g '!**/*.code-search' --no-ignore-parent --follow --quiet --no-config --no-ignore-global
 - cwd: /home/cadu/.config/eww
 - Sibling clauses: {}
2023-01-09 21:09:20.003 [info] ExtensionService#_doActivateExtension vscode.git, startup: true, activationEvent: '*'
2023-01-09 21:09:20.004 [info] ExtensionService#_doActivateExtension vscode.github, startup: true, activationEvent: '*'
2023-01-09 21:09:20.206 [info] Eager extensions activated
2023-01-09 21:09:20.215 [info] ExtensionService#_doActivateExtension vscode.debug-auto-launch, startup: false, activationEvent: 'onStartupFinished'
2023-01-09 21:09:20.216 [info] ExtensionService#_doActivateExtension vscode.emmet, startup: false, activationEvent: 'onStartupFinished'
2023-01-09 21:09:20.216 [info] ExtensionService#_doActivateExtension vscode.merge-conflict, startup: false, activationEvent: 'onStartupFinished'
2023-01-09 21:09:20.216 [info] ExtensionService#_doActivateExtension aaron-bond.better-comments, startup: false, activationEvent: 'onStartupFinished'
2023-01-09 21:09:20.217 [info] ExtensionService#_doActivateExtension formulahendry.code-runner, startup: false, activationEvent: 'onStartupFinished'
2023-01-09 21:09:20.217 [info] ExtensionService#_doActivateExtension vscode.github-authentication, startup: false, activationEvent: 'onStartupFinished', root cause: GitHub.vscode-pull-request-github
2023-01-09 21:09:20.217 [info] ExtensionService#_doActivateExtension PKief.material-icon-theme, startup: false, activationEvent: 'onStartupFinished'
2023-01-09 21:09:20.217 [info] ExtensionService#_doActivateExtension ritwickdey.LiveServer, startup: false, activationEvent: 'onStartupFinished'
2023-01-09 21:09:20.218 [info] ExtensionService#_doActivateExtension usernamehw.errorlens, startup: false, activationEvent: 'onStartupFinished'
2023-01-09 21:09:20.434 [info] ExtensionService#_doActivateExtension GitHub.vscode-pull-request-github, startup: false, activationEvent: 'onStartupFinished'
2023-01-09 21:09:20.899 [debug] ProxyResolver#getCaCertificates count 141
2023-01-09 21:09:20.902 [debug] ProxyResolver#resolveProxy https://default.exp-tas.com/vscode/ab DIRECT 
2023-01-09 21:10:53.052 [info] ExtensionService#_doActivateExtension foxundermoon.shell-format, startup: false, activationEvent: 'onLanguage:shellscript'
2023-01-09 21:58:26.285 [debug] ProxyResolver#resolveProxy cached https://default.exp-tas.com/vscode/ab DIRECT 
2023-01-09 22:03:16.565 [info] Extension host terminating: received terminate message from renderer
2023-01-09 22:03:16.599 [info] Extension host with pid 521204 exiting with code 0
