2023-01-10 17:54:40.602 [info] Nível de log: Debug
2023-01-10 17:54:40.602 [info] Validando o git encontrado em: git
2023-01-10 17:54:40.602 [info] Usando git ''2.39.0'' de ''git''
2023-01-10 17:54:40.607 [info] > git rev-parse --show-toplevel [10ms]
2023-01-10 17:54:40.607 [info] fatal: not a git repository (or any parent up to mount point /)
Stopping at filesystem boundary (GIT_DISCOVERY_ACROSS_FILESYSTEM not set).
2023-01-10 17:54:40.620 [info] > git rev-parse --show-toplevel [3ms]
2023-01-10 17:54:40.620 [info] fatal: not a git repository (or any parent up to mount point /)
Stopping at filesystem boundary (GIT_DISCOVERY_ACROSS_FILESYSTEM not set).
2023-01-10 17:54:40.799 [info] > git rev-parse --show-toplevel [169ms]
2023-01-10 17:54:40.799 [info] fatal: not a git repository (or any parent up to mount point /)
Stopping at filesystem boundary (GIT_DISCOVERY_ACROSS_FILESYSTEM not set).
2023-01-10 17:54:40.810 [info] > git rev-parse --show-toplevel [3ms]
2023-01-10 17:54:40.810 [info] fatal: not a git repository (or any parent up to mount point /)
Stopping at filesystem boundary (GIT_DISCOVERY_ACROSS_FILESYSTEM not set).
2023-01-10 17:54:40.822 [info] > git rev-parse --show-toplevel [3ms]
2023-01-10 17:54:40.822 [info] fatal: not a git repository (or any parent up to mount point /)
Stopping at filesystem boundary (GIT_DISCOVERY_ACROSS_FILESYSTEM not set).
2023-01-10 17:54:41.194 [info] > git rev-parse --show-toplevel [7ms]
2023-01-10 17:54:41.194 [info] fatal: not a git repository (or any parent up to mount point /)
Stopping at filesystem boundary (GIT_DISCOVERY_ACROSS_FILESYSTEM not set).
2023-01-10 17:54:43.370 [info] > git rev-parse --show-toplevel [1ms]
2023-01-10 17:54:43.370 [info] fatal: not a git repository (or any parent up to mount point /)
Stopping at filesystem boundary (GIT_DISCOVERY_ACROSS_FILESYSTEM not set).
2023-01-10 17:54:54.572 [info] > git rev-parse --show-toplevel [2ms]
2023-01-10 17:54:54.572 [info] fatal: not a git repository (or any parent up to mount point /)
Stopping at filesystem boundary (GIT_DISCOVERY_ACROSS_FILESYSTEM not set).
2023-01-10 17:58:36.797 [info] > git rev-parse --show-toplevel [6ms]
2023-01-10 17:58:36.797 [info] fatal: not a git repository (or any parent up to mount point /)
Stopping at filesystem boundary (GIT_DISCOVERY_ACROSS_FILESYSTEM not set).
2023-01-10 17:58:37.923 [info] > git rev-parse --show-toplevel [3ms]
2023-01-10 17:58:37.923 [info] fatal: not a git repository (or any parent up to mount point /)
Stopping at filesystem boundary (GIT_DISCOVERY_ACROSS_FILESYSTEM not set).
2023-01-10 17:58:45.079 [info] > git rev-parse --show-toplevel [2ms]
2023-01-10 17:58:45.079 [info] fatal: not a git repository (or any parent up to mount point /)
Stopping at filesystem boundary (GIT_DISCOVERY_ACROSS_FILESYSTEM not set).
2023-01-10 17:59:02.850 [info] > git rev-parse --show-toplevel [4ms]
2023-01-10 17:59:02.850 [info] fatal: not a git repository (or any parent up to mount point /)
Stopping at filesystem boundary (GIT_DISCOVERY_ACROSS_FILESYSTEM not set).
2023-01-10 17:59:14.790 [info] > git rev-parse --show-toplevel [4ms]
2023-01-10 17:59:14.790 [info] fatal: not a git repository (or any parent up to mount point /)
Stopping at filesystem boundary (GIT_DISCOVERY_ACROSS_FILESYSTEM not set).
2023-01-10 18:00:07.523 [info] > git rev-parse --show-toplevel [2ms]
2023-01-10 18:00:07.523 [info] fatal: not a git repository (or any parent up to mount point /)
Stopping at filesystem boundary (GIT_DISCOVERY_ACROSS_FILESYSTEM not set).
2023-01-10 18:00:43.937 [info] > git rev-parse --show-toplevel [2ms]
2023-01-10 18:00:43.937 [info] fatal: not a git repository (or any parent up to mount point /)
Stopping at filesystem boundary (GIT_DISCOVERY_ACROSS_FILESYSTEM not set).
2023-01-10 18:09:39.158 [info] > git rev-parse --show-toplevel [3ms]
2023-01-10 18:09:39.158 [info] fatal: not a git repository (or any parent up to mount point /)
Stopping at filesystem boundary (GIT_DISCOVERY_ACROSS_FILESYSTEM not set).
2023-01-10 18:14:55.949 [info] > git rev-parse --show-toplevel [2ms]
2023-01-10 18:14:55.949 [info] fatal: not a git repository (or any parent up to mount point /)
Stopping at filesystem boundary (GIT_DISCOVERY_ACROSS_FILESYSTEM not set).
2023-01-10 18:17:06.892 [info] > git rev-parse --show-toplevel [2ms]
2023-01-10 18:17:06.892 [info] fatal: not a git repository (or any parent up to mount point /)
Stopping at filesystem boundary (GIT_DISCOVERY_ACROSS_FILESYSTEM not set).
2023-01-10 18:18:02.540 [info] > git rev-parse --show-toplevel [2ms]
2023-01-10 18:18:02.540 [info] fatal: not a git repository (or any parent up to mount point /)
Stopping at filesystem boundary (GIT_DISCOVERY_ACROSS_FILESYSTEM not set).
2023-01-10 18:19:10.899 [info] Nível de log: Debug
2023-01-10 18:19:10.899 [info] Validando o git encontrado em: git
2023-01-10 18:19:10.899 [info] Usando git ''2.39.0'' de ''git''
2023-01-10 18:19:10.899 [info] > git rev-parse --show-toplevel [7ms]
2023-01-10 18:19:10.899 [info] fatal: not a git repository (or any parent up to mount point /)
Stopping at filesystem boundary (GIT_DISCOVERY_ACROSS_FILESYSTEM not set).
2023-01-10 18:19:10.899 [info] > git rev-parse --show-toplevel [2ms]
2023-01-10 18:19:10.899 [info] fatal: not a git repository (or any parent up to mount point /)
Stopping at filesystem boundary (GIT_DISCOVERY_ACROSS_FILESYSTEM not set).
2023-01-10 18:19:10.899 [info] > git rev-parse --show-toplevel [2ms]
2023-01-10 18:19:10.899 [info] fatal: not a git repository (or any parent up to mount point /)
Stopping at filesystem boundary (GIT_DISCOVERY_ACROSS_FILESYSTEM not set).
2023-01-10 18:19:10.899 [info] > git rev-parse --show-toplevel [1ms]
2023-01-10 18:19:10.899 [info] fatal: not a git repository (or any parent up to mount point /)
Stopping at filesystem boundary (GIT_DISCOVERY_ACROSS_FILESYSTEM not set).
2023-01-10 18:19:10.899 [info] > git rev-parse --show-toplevel [2ms]
2023-01-10 18:19:10.899 [info] fatal: not a git repository (or any parent up to mount point /)
Stopping at filesystem boundary (GIT_DISCOVERY_ACROSS_FILESYSTEM not set).
