2023-01-12 15:04:25.276 [info] Nível de log: Debug
2023-01-12 15:04:25.276 [info] Validando o git encontrado em: git
2023-01-12 15:04:25.276 [info] Usando git ''2.39.0'' de ''git''
2023-01-12 15:04:25.276 [info] > git rev-parse --show-toplevel [3ms]
2023-01-12 15:04:25.276 [info] fatal: not a git repository (or any parent up to mount point /)
Stopping at filesystem boundary (GIT_DISCOVERY_ACROSS_FILESYSTEM not set).
2023-01-12 15:04:25.276 [info] > git rev-parse --show-toplevel [1ms]
2023-01-12 15:04:25.276 [info] fatal: not a git repository (or any parent up to mount point /)
Stopping at filesystem boundary (GIT_DISCOVERY_ACROSS_FILESYSTEM not set).
2023-01-12 15:04:25.276 [info] > git rev-parse --show-toplevel [5ms]
2023-01-12 15:04:25.276 [info] fatal: not a git repository (or any parent up to mount point /)
Stopping at filesystem boundary (GIT_DISCOVERY_ACROSS_FILESYSTEM not set).
2023-01-12 15:04:25.277 [info] > git rev-parse --show-toplevel [5ms]
2023-01-12 15:04:25.277 [info] fatal: not a git repository (or any parent up to mount point /)
Stopping at filesystem boundary (GIT_DISCOVERY_ACROSS_FILESYSTEM not set).
2023-01-12 15:04:25.284 [info] > git rev-parse --show-toplevel [2ms]
2023-01-12 15:04:25.284 [info] fatal: not a git repository (or any parent up to mount point /)
Stopping at filesystem boundary (GIT_DISCOVERY_ACROSS_FILESYSTEM not set).
2023-01-12 15:04:25.836 [info] > git rev-parse --show-toplevel [1ms]
2023-01-12 15:04:25.836 [info] fatal: not a git repository (or any parent up to mount point /)
Stopping at filesystem boundary (GIT_DISCOVERY_ACROSS_FILESYSTEM not set).
