2023-01-12 15:04:24.917 [info] Extension host with pid 366269 started
2023-01-12 15:04:24.917 [info] Skipping acquiring lock for /home/cadu/.config/VSCodium/User/workspaceStorage/ed63878dd5e00e228a6ea67a81274cc7.
2023-01-12 15:04:25.059 [info] ExtensionService#_doActivateExtension amirHA.better-comments-2, startup: false, activationEvent: 'onLanguage:plaintext'
2023-01-12 15:04:25.060 [info] ExtensionService#_doActivateExtension eww-yuck.yuck, startup: false, activationEvent: 'onLanguage:yuck'
2023-01-12 15:04:25.060 [info] ExtensionService#_doActivateExtension vscode.git-base, startup: true, activationEvent: '*', root cause: vscode.git
2023-01-12 15:04:25.075 [debug] ExtHostSearch /usr/share/vscodium/resources/app/node_modules.asar.unpacked/@vscode/ripgrep/bin/rg --files --hidden --case-sensitive -g '/*/pubspec.yaml' -g '/*/*/pubspec.yaml' -g '/*.dart' -g '/*/*.dart' -g '/*/*/*.dart' -g '!**/.git' -g '!**/.svn' -g '!**/.hg' -g '!**/CVS' -g '!**/.DS_Store' -g '!**/Thumbs.db' -g '!**/node_modules' -g '!**/bower_components' -g '!**/*.code-search' --no-ignore-parent --follow --quiet --no-config --no-ignore-global
 - cwd: /home/cadu/.config/eww
 - Sibling clauses: {}
2023-01-12 15:04:25.083 [debug] ExtHostSearch /usr/share/vscodium/resources/app/node_modules.asar.unpacked/@vscode/ripgrep/bin/rg --files --hidden --case-sensitive -g '**/*.{rproj,Rproj,r,R,rd,Rd,rmd,Rmd}' -g '!**/.git' -g '!**/.svn' -g '!**/.hg' -g '!**/CVS' -g '!**/.DS_Store' -g '!**/Thumbs.db' -g '!**/node_modules' -g '!**/bower_components' -g '!**/*.code-search' --no-ignore-parent --follow --quiet --no-config --no-ignore-global
 - cwd: /home/cadu/.config/eww
 - Sibling clauses: {}
2023-01-12 15:04:25.091 [debug] ExtHostSearch /usr/share/vscodium/resources/app/node_modules.asar.unpacked/@vscode/ripgrep/bin/rg --files --hidden --case-sensitive -g '**/*.{rproj,Rproj,r,R,rd,Rd,rmd,Rmd}' -g '!**/.git' -g '!**/.svn' -g '!**/.hg' -g '!**/CVS' -g '!**/.DS_Store' -g '!**/Thumbs.db' -g '!**/node_modules' -g '!**/bower_components' -g '!**/*.code-search' --no-ignore-parent --follow --quiet --no-config --no-ignore-global
 - cwd: /home/cadu/.config/eww
 - Sibling clauses: {}
2023-01-12 15:04:25.102 [debug] ExtHostSearch /usr/share/vscodium/resources/app/node_modules.asar.unpacked/@vscode/ripgrep/bin/rg --files --hidden --case-sensitive -g '**/pubspec.yaml' -g '!**/.git' -g '!**/.svn' -g '!**/.hg' -g '!**/CVS' -g '!**/.DS_Store' -g '!**/Thumbs.db' -g '!**/node_modules' -g '!**/bower_components' -g '!**/*.code-search' --no-ignore-parent --follow --quiet --no-config --no-ignore-global
 - cwd: /home/cadu/.config/eww
 - Sibling clauses: {}
2023-01-12 15:04:25.151 [info] ExtensionService#_doActivateExtension vscode.git, startup: true, activationEvent: '*'
2023-01-12 15:04:25.152 [info] ExtensionService#_doActivateExtension vscode.github, startup: true, activationEvent: '*'
2023-01-12 15:04:25.773 [info] Eager extensions activated
2023-01-12 15:04:25.792 [info] ExtensionService#_doActivateExtension vscode.debug-auto-launch, startup: false, activationEvent: 'onStartupFinished'
2023-01-12 15:04:25.792 [info] ExtensionService#_doActivateExtension vscode.emmet, startup: false, activationEvent: 'onStartupFinished'
2023-01-12 15:04:25.792 [info] ExtensionService#_doActivateExtension vscode.merge-conflict, startup: false, activationEvent: 'onStartupFinished'
2023-01-12 15:04:25.793 [info] ExtensionService#_doActivateExtension aaron-bond.better-comments, startup: false, activationEvent: 'onStartupFinished'
2023-01-12 15:04:25.793 [info] ExtensionService#_doActivateExtension formulahendry.code-runner, startup: false, activationEvent: 'onStartupFinished'
2023-01-12 15:04:25.793 [info] ExtensionService#_doActivateExtension vscode.github-authentication, startup: false, activationEvent: 'onStartupFinished', root cause: GitHub.vscode-pull-request-github
2023-01-12 15:04:25.793 [info] ExtensionService#_doActivateExtension PKief.material-icon-theme, startup: false, activationEvent: 'onStartupFinished'
2023-01-12 15:04:25.793 [info] ExtensionService#_doActivateExtension ritwickdey.LiveServer, startup: false, activationEvent: 'onStartupFinished'
2023-01-12 15:04:25.793 [info] ExtensionService#_doActivateExtension usernamehw.errorlens, startup: false, activationEvent: 'onStartupFinished'
2023-01-12 15:04:25.898 [info] ExtensionService#_doActivateExtension GitHub.vscode-pull-request-github, startup: false, activationEvent: 'onStartupFinished'
2023-01-12 15:04:25.985 [debug] ProxyResolver#getCaCertificates count 141
2023-01-12 15:04:25.988 [debug] ProxyResolver#resolveProxy https://default.exp-tas.com/vscode/ab DIRECT 
2023-01-12 15:34:25.991 [debug] ProxyResolver#resolveProxy cached https://default.exp-tas.com/vscode/ab DIRECT 
2023-01-12 15:49:26.653 [info] Extension host terminating: received terminate message from renderer
2023-01-12 15:49:26.666 [info] Extension host with pid 366269 exiting with code 0
