2023-01-12 15:50:37.537 [info] Extension host with pid 402477 started
2023-01-12 15:50:37.537 [info] Skipping acquiring lock for /home/cadu/.config/VSCodium/User/workspaceStorage/ed63878dd5e00e228a6ea67a81274cc7.
2023-01-12 15:50:37.657 [info] ExtensionService#_doActivateExtension amirHA.better-comments-2, startup: false, activationEvent: 'onLanguage:plaintext'
2023-01-12 15:50:37.657 [info] ExtensionService#_doActivateExtension eww-yuck.yuck, startup: false, activationEvent: 'onLanguage:yuck'
2023-01-12 15:50:37.657 [info] ExtensionService#_doActivateExtension vscode.git-base, startup: true, activationEvent: '*', root cause: vscode.git
2023-01-12 15:50:37.669 [debug] ExtHostSearch /usr/share/vscodium/resources/app/node_modules.asar.unpacked/@vscode/ripgrep/bin/rg --files --hidden --case-sensitive -g '/*/pubspec.yaml' -g '/*/*/pubspec.yaml' -g '/*.dart' -g '/*/*.dart' -g '/*/*/*.dart' -g '!**/.git' -g '!**/.svn' -g '!**/.hg' -g '!**/CVS' -g '!**/.DS_Store' -g '!**/Thumbs.db' -g '!**/node_modules' -g '!**/bower_components' -g '!**/*.code-search' --no-ignore-parent --follow --quiet --no-config --no-ignore-global
 - cwd: /home/cadu/.config/eww
 - Sibling clauses: {}
2023-01-12 15:50:37.678 [debug] ExtHostSearch /usr/share/vscodium/resources/app/node_modules.asar.unpacked/@vscode/ripgrep/bin/rg --files --hidden --case-sensitive -g '**/*.{rproj,Rproj,r,R,rd,Rd,rmd,Rmd}' -g '!**/.git' -g '!**/.svn' -g '!**/.hg' -g '!**/CVS' -g '!**/.DS_Store' -g '!**/Thumbs.db' -g '!**/node_modules' -g '!**/bower_components' -g '!**/*.code-search' --no-ignore-parent --follow --quiet --no-config --no-ignore-global
 - cwd: /home/cadu/.config/eww
 - Sibling clauses: {}
2023-01-12 15:50:37.685 [debug] ExtHostSearch /usr/share/vscodium/resources/app/node_modules.asar.unpacked/@vscode/ripgrep/bin/rg --files --hidden --case-sensitive -g '**/*.{rproj,Rproj,r,R,rd,Rd,rmd,Rmd}' -g '!**/.git' -g '!**/.svn' -g '!**/.hg' -g '!**/CVS' -g '!**/.DS_Store' -g '!**/Thumbs.db' -g '!**/node_modules' -g '!**/bower_components' -g '!**/*.code-search' --no-ignore-parent --follow --quiet --no-config --no-ignore-global
 - cwd: /home/cadu/.config/eww
 - Sibling clauses: {}
2023-01-12 15:50:37.693 [debug] ExtHostSearch /usr/share/vscodium/resources/app/node_modules.asar.unpacked/@vscode/ripgrep/bin/rg --files --hidden --case-sensitive -g '**/pubspec.yaml' -g '!**/.git' -g '!**/.svn' -g '!**/.hg' -g '!**/CVS' -g '!**/.DS_Store' -g '!**/Thumbs.db' -g '!**/node_modules' -g '!**/bower_components' -g '!**/*.code-search' --no-ignore-parent --follow --quiet --no-config --no-ignore-global
 - cwd: /home/cadu/.config/eww
 - Sibling clauses: {}
2023-01-12 15:50:37.782 [info] ExtensionService#_doActivateExtension vscode.git, startup: true, activationEvent: '*'
2023-01-12 15:50:37.782 [info] ExtensionService#_doActivateExtension vscode.github, startup: true, activationEvent: '*'
2023-01-12 15:50:37.874 [info] Eager extensions activated
2023-01-12 15:50:37.899 [info] ExtensionService#_doActivateExtension vscode.debug-auto-launch, startup: false, activationEvent: 'onStartupFinished'
2023-01-12 15:50:37.900 [info] ExtensionService#_doActivateExtension vscode.emmet, startup: false, activationEvent: 'onStartupFinished'
2023-01-12 15:50:37.900 [info] ExtensionService#_doActivateExtension vscode.merge-conflict, startup: false, activationEvent: 'onStartupFinished'
2023-01-12 15:50:37.900 [info] ExtensionService#_doActivateExtension aaron-bond.better-comments, startup: false, activationEvent: 'onStartupFinished'
2023-01-12 15:50:37.900 [info] ExtensionService#_doActivateExtension formulahendry.code-runner, startup: false, activationEvent: 'onStartupFinished'
2023-01-12 15:50:37.901 [info] ExtensionService#_doActivateExtension vscode.github-authentication, startup: false, activationEvent: 'onStartupFinished', root cause: GitHub.vscode-pull-request-github
2023-01-12 15:50:37.901 [info] ExtensionService#_doActivateExtension PKief.material-icon-theme, startup: false, activationEvent: 'onStartupFinished'
2023-01-12 15:50:37.901 [info] ExtensionService#_doActivateExtension ritwickdey.LiveServer, startup: false, activationEvent: 'onStartupFinished'
2023-01-12 15:50:37.901 [info] ExtensionService#_doActivateExtension usernamehw.errorlens, startup: false, activationEvent: 'onStartupFinished'
2023-01-12 15:50:38.050 [info] ExtensionService#_doActivateExtension GitHub.vscode-pull-request-github, startup: false, activationEvent: 'onStartupFinished'
2023-01-12 15:50:38.411 [debug] ProxyResolver#getCaCertificates count 141
2023-01-12 15:50:38.425 [debug] ProxyResolver#resolveProxy https://default.exp-tas.com/vscode/ab DIRECT 
2023-01-12 15:51:13.878 [info] ExtensionService#_doActivateExtension vscode.css-language-features, startup: false, activationEvent: 'onLanguage:scss'
2023-01-12 15:51:13.878 [info] ExtensionService#_doActivateExtension sibiraj-s.vscode-scss-formatter, startup: false, activationEvent: 'onLanguage:scss'
2023-01-12 15:51:14.146 [warning] Using default string since no string found in i18n bundle that has the key: CSS Language Server
2023-01-12 16:20:38.414 [debug] ProxyResolver#resolveProxy cached https://default.exp-tas.com/vscode/ab DIRECT 
2023-01-12 16:36:11.756 [info] Extension host terminating: received terminate message from renderer
2023-01-12 16:36:11.797 [info] Extension host with pid 402477 exiting with code 0
