2023-01-12 18:00:02.988 [info] Nível de log: Debug
2023-01-12 18:00:02.988 [info] Validando o git encontrado em: git
2023-01-12 18:00:02.999 [info] Usando git ''2.39.0'' de ''git''
2023-01-12 18:00:03.011 [info] > git rev-parse --show-toplevel [4ms]
2023-01-12 18:00:03.011 [info] fatal: not a git repository (or any parent up to mount point /)
Stopping at filesystem boundary (GIT_DISCOVERY_ACROSS_FILESYSTEM not set).
2023-01-12 18:00:03.018 [info] > git rev-parse --show-toplevel [2ms]
2023-01-12 18:00:03.018 [info] fatal: not a git repository (or any parent up to mount point /)
Stopping at filesystem boundary (GIT_DISCOVERY_ACROSS_FILESYSTEM not set).
2023-01-12 18:00:03.025 [info] > git rev-parse --show-toplevel [1ms]
2023-01-12 18:00:03.025 [info] fatal: not a git repository (or any parent up to mount point /)
Stopping at filesystem boundary (GIT_DISCOVERY_ACROSS_FILESYSTEM not set).
2023-01-12 18:00:03.130 [info] > git rev-parse --show-toplevel [99ms]
2023-01-12 18:00:03.130 [info] fatal: not a git repository (or any parent up to mount point /)
Stopping at filesystem boundary (GIT_DISCOVERY_ACROSS_FILESYSTEM not set).
2023-01-12 18:00:03.159 [info] > git rev-parse --show-toplevel [23ms]
2023-01-12 18:00:03.160 [info] fatal: not a git repository (or any parent up to mount point /)
Stopping at filesystem boundary (GIT_DISCOVERY_ACROSS_FILESYSTEM not set).
2023-01-12 18:00:03.803 [info] > git rev-parse --show-toplevel [31ms]
2023-01-12 18:00:03.803 [info] fatal: not a git repository (or any parent up to mount point /)
Stopping at filesystem boundary (GIT_DISCOVERY_ACROSS_FILESYSTEM not set).
