2023-01-10 17:54:39.074 [debug] [Registering Log Channel] File does not exist. Waiting for 1s to retry. file:///home/cadu/.config/VSCodium/logs/20230110T175436/userDataSync.log
2023-01-10 17:54:39.074 [debug] [Registering Log Channel] File does not exist. Waiting for 1s to retry. file:///home/cadu/.config/VSCodium/logs/20230110T175436/editSessions.log
2023-01-10 17:54:39.074 [debug] [Registering Log Channel] File does not exist. Waiting for 1s to retry. file:///home/cadu/.config/VSCodium/logs/20230110T175436/sharedprocess.log
2023-01-10 17:54:39.075 [debug] [Registering Log Channel] File does not exist. Waiting for 1s to retry. file:///home/cadu/.config/VSCodium/logs/20230110T175436/ptyhost.log
2023-01-10 17:54:39.135 [debug] ComputeTargetPlatform: linux-x64
2023-01-10 17:54:39.214 [warning] [amirHA.better-comments-2]: Não é possível registrar 'better-comments.multilineComments'. Esta propriedade já está registrada.
2023-01-10 17:54:39.215 [warning] [amirHA.better-comments-2]: Não é possível registrar 'better-comments.highlightPlainText'. Esta propriedade já está registrada.
2023-01-10 17:54:39.215 [warning] [amirHA.better-comments-2]: Não é possível registrar 'better-comments.tags'. Esta propriedade já está registrada.
2023-01-10 17:54:39.218 [warning] [REditorSupport.r]: Não é possível registrar 'r.rpath.windows'. Esta propriedade já está registrada.
2023-01-10 17:54:39.218 [warning] [REditorSupport.r]: Não é possível registrar 'r.rpath.mac'. Esta propriedade já está registrada.
2023-01-10 17:54:39.219 [warning] [REditorSupport.r]: Não é possível registrar 'r.rpath.linux'. Esta propriedade já está registrada.
2023-01-10 17:54:39.219 [warning] [REditorSupport.r]: Não é possível registrar 'r.rterm.windows'. Esta propriedade já está registrada.
2023-01-10 17:54:39.219 [warning] [REditorSupport.r]: Não é possível registrar 'r.rterm.mac'. Esta propriedade já está registrada.
2023-01-10 17:54:39.220 [warning] [REditorSupport.r]: Não é possível registrar 'r.rterm.linux'. Esta propriedade já está registrada.
2023-01-10 17:54:39.220 [warning] [REditorSupport.r]: Não é possível registrar 'r.rterm.option'. Esta propriedade já está registrada.
2023-01-10 17:54:39.221 [warning] [REditorSupport.r]: Não é possível registrar 'r.lsp.enabled'. Esta propriedade já está registrada.
2023-01-10 17:54:39.222 [warning] [REditorSupport.r]: Não é possível registrar 'r.lsp.args'. Esta propriedade já está registrada.
2023-01-10 17:54:39.223 [warning] [REditorSupport.r]: Não é possível registrar 'r.lsp.debug'. Esta propriedade já está registrada.
2023-01-10 17:54:39.223 [warning] [REditorSupport.r]: Não é possível registrar 'r.lsp.diagnostics'. Esta propriedade já está registrada.
2023-01-10 17:54:39.224 [warning] [REditorSupport.r]: Não é possível registrar 'r.lsp.lang'. Esta propriedade já está registrada.
2023-01-10 17:54:39.224 [warning] [REditorSupport.r]: Não é possível registrar 'r.lsp.use_stdio'. Esta propriedade já está registrada.
2023-01-10 17:54:39.225 [warning] [REditorSupport.r]: Não é possível registrar 'r.rmarkdown.codeLensCommands'. Esta propriedade já está registrada.
2023-01-10 17:54:39.225 [warning] [REditorSupport.r]: Não é possível registrar 'r.rmarkdown.enableCodeLens'. Esta propriedade já está registrada.
2023-01-10 17:54:39.225 [warning] [REditorSupport.r]: Não é possível registrar 'r.rmarkdown.chunkBackgroundColor'. Esta propriedade já está registrada.
2023-01-10 17:54:39.226 [warning] [REditorSupport.r]: Não é possível registrar 'r.rmarkdown.preview.autoRefresh'. Esta propriedade já está registrada.
2023-01-10 17:54:39.226 [warning] [REditorSupport.r]: Não é possível registrar 'r.rmarkdown.knit.useBackgroundProcess'. Esta propriedade já está registrada.
2023-01-10 17:54:39.227 [warning] [REditorSupport.r]: Não é possível registrar 'r.rmarkdown.knit.focusOutputChannel'. Esta propriedade já está registrada.
2023-01-10 17:54:39.227 [warning] [REditorSupport.r]: Não é possível registrar 'r.rmarkdown.knit.openOutputFile'. Esta propriedade já está registrada.
2023-01-10 17:54:39.228 [warning] [REditorSupport.r]: Não é possível registrar 'r.rmarkdown.knit.command'. Esta propriedade já está registrada.
2023-01-10 17:54:39.228 [warning] [REditorSupport.r]: Não é possível registrar 'r.rmarkdown.knit.defaults.knitWorkingDirectory'. Esta propriedade já está registrada.
2023-01-10 17:54:39.229 [warning] [REditorSupport.r]: Não é possível registrar 'r.helpPanel.enableSyntaxHighlighting'. Esta propriedade já está registrada.
2023-01-10 17:54:39.229 [warning] [REditorSupport.r]: Não é possível registrar 'r.helpPanel.cacheIndexFiles'. Esta propriedade já está registrada.
2023-01-10 17:54:39.230 [warning] [REditorSupport.r]: Não é possível registrar 'r.helpPanel.rpath'. Esta propriedade já está registrada.
2023-01-10 17:54:39.230 [warning] [REditorSupport.r]: Não é possível registrar 'r.helpPanel.enableHoverLinks'. Esta propriedade já está registrada.
2023-01-10 17:54:39.231 [warning] [REditorSupport.r]: Não é possível registrar 'r.source.encoding'. Esta propriedade já está registrada.
2023-01-10 17:54:39.231 [warning] [REditorSupport.r]: Não é possível registrar 'r.source.focus'. Esta propriedade já está registrada.
2023-01-10 17:54:39.231 [warning] [REditorSupport.r]: Não é possível registrar 'r.alwaysUseActiveTerminal'. Esta propriedade já está registrada.
2023-01-10 17:54:39.232 [warning] [REditorSupport.r]: Não é possível registrar 'r.bracketedPaste'. Esta propriedade já está registrada.
2023-01-10 17:54:39.232 [warning] [REditorSupport.r]: Não é possível registrar 'r.sessionWatcher'. Esta propriedade já está registrada.
2023-01-10 17:54:39.232 [warning] [REditorSupport.r]: Não é possível registrar 'r.session.watchGlobalEnvironment'. Esta propriedade já está registrada.
2023-01-10 17:54:39.233 [warning] [REditorSupport.r]: Não é possível registrar 'r.session.objectLengthLimit'. Esta propriedade já está registrada.
2023-01-10 17:54:39.233 [warning] [REditorSupport.r]: Não é possível registrar 'r.session.objectTimeout'. Esta propriedade já está registrada.
2023-01-10 17:54:39.234 [warning] [REditorSupport.r]: Não é possível registrar 'r.session.levelOfObjectDetail'. Esta propriedade já está registrada.
2023-01-10 17:54:39.234 [warning] [REditorSupport.r]: Não é possível registrar 'r.session.emulateRStudioAPI'. Esta propriedade já está registrada.
2023-01-10 17:54:39.234 [warning] [REditorSupport.r]: Não é possível registrar 'r.session.data.rowLimit'. Esta propriedade já está registrada.
2023-01-10 17:54:39.235 [warning] [REditorSupport.r]: Não é possível registrar 'r.session.viewers.viewColumn'. Esta propriedade já está registrada.
2023-01-10 17:54:39.235 [warning] [REditorSupport.r]: Não é possível registrar 'r.rtermSendDelay'. Esta propriedade já está registrada.
2023-01-10 17:54:39.235 [warning] [REditorSupport.r]: Não é possível registrar 'r.workspaceViewer.showObjectSize'. Esta propriedade já está registrada.
2023-01-10 17:54:39.236 [warning] [REditorSupport.r]: Não é possível registrar 'r.workspaceViewer.removeHiddenItems'. Esta propriedade já está registrada.
2023-01-10 17:54:39.236 [warning] [REditorSupport.r]: Não é possível registrar 'r.workspaceViewer.clearPrompt'. Esta propriedade já está registrada.
2023-01-10 17:54:39.236 [warning] [REditorSupport.r]: Não é possível registrar 'r.liveShare.timeout'. Esta propriedade já está registrada.
2023-01-10 17:54:39.237 [warning] [REditorSupport.r]: Não é possível registrar 'r.liveShare.defaults.commandForward'. Esta propriedade já está registrada.
2023-01-10 17:54:39.237 [warning] [REditorSupport.r]: Não é possível registrar 'r.liveShare.defaults.shareWorkspace'. Esta propriedade já está registrada.
2023-01-10 17:54:39.238 [warning] [REditorSupport.r]: Não é possível registrar 'r.liveShare.defaults.shareBrowser'. Esta propriedade já está registrada.
2023-01-10 17:54:39.238 [warning] [REditorSupport.r]: Não é possível registrar 'r.plot.useHttpgd'. Esta propriedade já está registrada.
2023-01-10 17:54:39.238 [warning] [REditorSupport.r]: Não é possível registrar 'r.plot.defaults.colorTheme'. Esta propriedade já está registrada.
2023-01-10 17:54:39.239 [warning] [REditorSupport.r]: Não é possível registrar 'r.plot.defaults.plotPreviewLayout'. Esta propriedade já está registrada.
2023-01-10 17:54:39.239 [warning] [REditorSupport.r]: Não é possível registrar 'r.plot.defaults.fullWindowMode'. Esta propriedade já está registrada.
2023-01-10 17:54:39.239 [warning] [REditorSupport.r]: Não é possível registrar 'r.plot.timing.resizeInterval'. Esta propriedade já está registrada.
2023-01-10 17:54:39.240 [warning] [REditorSupport.r]: Não é possível registrar 'r.plot.timing.refreshInterval'. Esta propriedade já está registrada.
2023-01-10 17:54:39.240 [warning] [REditorSupport.r]: Não é possível registrar 'r.plot.customStyleOverwrites'. Esta propriedade já está registrada.
2023-01-10 17:54:39.338 [info] [REditorSupport.r]: O comando `r.workspaceViewer.refreshEntry` aparece várias vezes na seção `commands`.
2023-01-10 17:54:39.338 [info] [REditorSupport.r]: O comando `r.workspaceViewer.view` aparece várias vezes na seção `commands`.
2023-01-10 17:54:39.339 [info] [REditorSupport.r]: O comando `r.workspaceViewer.clear` aparece várias vezes na seção `commands`.
2023-01-10 17:54:39.339 [info] [REditorSupport.r]: O comando `r.workspaceViewer.remove` aparece várias vezes na seção `commands`.
2023-01-10 17:54:39.339 [info] [REditorSupport.r]: O comando `r.workspaceViewer.save` aparece várias vezes na seção `commands`.
2023-01-10 17:54:39.340 [info] [REditorSupport.r]: O comando `r.workspaceViewer.load` aparece várias vezes na seção `commands`.
2023-01-10 17:54:39.340 [info] [REditorSupport.r]: O comando `r.browser.refresh` aparece várias vezes na seção `commands`.
2023-01-10 17:54:39.341 [info] [REditorSupport.r]: O comando `r.browser.openExternal` aparece várias vezes na seção `commands`.
2023-01-10 17:54:39.341 [info] [REditorSupport.r]: O comando `r.showHelp` aparece várias vezes na seção `commands`.
2023-01-10 17:54:39.341 [info] [REditorSupport.r]: O comando `editor.action.webvieweditor.showFind` aparece várias vezes na seção `commands`.
2023-01-10 17:54:39.342 [info] [REditorSupport.r]: O comando `r.createRTerm` aparece várias vezes na seção `commands`.
2023-01-10 17:54:39.342 [info] [REditorSupport.r]: O comando `r.runSource` aparece várias vezes na seção `commands`.
2023-01-10 17:54:39.342 [info] [REditorSupport.r]: O comando `r.knitRmd` aparece várias vezes na seção `commands`.
2023-01-10 17:54:39.343 [info] [REditorSupport.r]: O comando `r.knitRmdToPdf` aparece várias vezes na seção `commands`.
2023-01-10 17:54:39.343 [info] [REditorSupport.r]: O comando `r.knitRmdToHtml` aparece várias vezes na seção `commands`.
2023-01-10 17:54:39.343 [info] [REditorSupport.r]: O comando `r.knitRmdToAll` aparece várias vezes na seção `commands`.
2023-01-10 17:54:39.344 [info] [REditorSupport.r]: O comando `r.runSourcewithEcho` aparece várias vezes na seção `commands`.
2023-01-10 17:54:39.344 [info] [REditorSupport.r]: O comando `r.runSelection` aparece várias vezes na seção `commands`.
2023-01-10 17:54:39.345 [info] [REditorSupport.r]: O comando `r.nrow` aparece várias vezes na seção `commands`.
2023-01-10 17:54:39.345 [info] [REditorSupport.r]: O comando `r.length` aparece várias vezes na seção `commands`.
2023-01-10 17:54:39.345 [info] [REditorSupport.r]: O comando `r.head` aparece várias vezes na seção `commands`.
2023-01-10 17:54:39.346 [info] [REditorSupport.r]: O comando `r.thead` aparece várias vezes na seção `commands`.
2023-01-10 17:54:39.346 [info] [REditorSupport.r]: O comando `r.names` aparece várias vezes na seção `commands`.
2023-01-10 17:54:39.346 [info] [REditorSupport.r]: O comando `r.createGitignore` aparece várias vezes na seção `commands`.
2023-01-10 17:54:39.347 [info] [REditorSupport.r]: O comando `r.previewDataframe` aparece várias vezes na seção `commands`.
2023-01-10 17:54:39.347 [info] [REditorSupport.r]: O comando `r.previewEnvironment` aparece várias vezes na seção `commands`.
2023-01-10 17:54:39.348 [info] [REditorSupport.r]: O comando `r.loadAll` aparece várias vezes na seção `commands`.
2023-01-10 17:54:39.349 [info] [REditorSupport.r]: O comando `r.build` aparece várias vezes na seção `commands`.
2023-01-10 17:54:39.349 [info] [REditorSupport.r]: O comando `r.check` aparece várias vezes na seção `commands`.
2023-01-10 17:54:39.350 [info] [REditorSupport.r]: O comando `r.document` aparece várias vezes na seção `commands`.
2023-01-10 17:54:39.350 [info] [REditorSupport.r]: O comando `r.install` aparece várias vezes na seção `commands`.
2023-01-10 17:54:39.350 [info] [REditorSupport.r]: O comando `r.test` aparece várias vezes na seção `commands`.
2023-01-10 17:54:39.351 [info] [REditorSupport.r]: O comando `r.attachActive` aparece várias vezes na seção `commands`.
2023-01-10 17:54:39.351 [info] [REditorSupport.r]: O comando `r.runCommandWithSelectionOrWord` aparece várias vezes na seção `commands`.
2023-01-10 17:54:39.352 [info] [REditorSupport.r]: O comando `r.runCommandWithEditorPath` aparece várias vezes na seção `commands`.
2023-01-10 17:54:39.352 [info] [REditorSupport.r]: O comando `r.runCommand` aparece várias vezes na seção `commands`.
2023-01-10 17:54:39.353 [info] [REditorSupport.r]: O comando `r.runFromBeginningToLine` aparece várias vezes na seção `commands`.
2023-01-10 17:54:39.353 [info] [REditorSupport.r]: O comando `r.runFromLineToEnd` aparece várias vezes na seção `commands`.
2023-01-10 17:54:39.354 [info] [REditorSupport.r]: O comando `r.runSelectionRetainCursor` aparece várias vezes na seção `commands`.
2023-01-10 17:54:39.354 [info] [REditorSupport.r]: O comando `r.selectCurrentChunk` aparece várias vezes na seção `commands`.
2023-01-10 17:54:39.355 [info] [REditorSupport.r]: O comando `r.runCurrentChunk` aparece várias vezes na seção `commands`.
2023-01-10 17:54:39.355 [info] [REditorSupport.r]: O comando `r.runPreviousChunk` aparece várias vezes na seção `commands`.
2023-01-10 17:54:39.355 [info] [REditorSupport.r]: O comando `r.runNextChunk` aparece várias vezes na seção `commands`.
2023-01-10 17:54:39.356 [info] [REditorSupport.r]: O comando `r.runAboveChunks` aparece várias vezes na seção `commands`.
2023-01-10 17:54:39.356 [info] [REditorSupport.r]: O comando `r.runCurrentAndBelowChunks` aparece várias vezes na seção `commands`.
2023-01-10 17:54:39.357 [info] [REditorSupport.r]: O comando `r.runBelowChunks` aparece várias vezes na seção `commands`.
2023-01-10 17:54:39.357 [info] [REditorSupport.r]: O comando `r.runAllChunks` aparece várias vezes na seção `commands`.
2023-01-10 17:54:39.358 [info] [REditorSupport.r]: O comando `r.goToPreviousChunk` aparece várias vezes na seção `commands`.
2023-01-10 17:54:39.358 [info] [REditorSupport.r]: O comando `r.goToNextChunk` aparece várias vezes na seção `commands`.
2023-01-10 17:54:39.358 [info] [REditorSupport.r]: O comando `r.rmarkdown.newDraft` aparece várias vezes na seção `commands`.
2023-01-10 17:54:39.359 [info] [REditorSupport.r]: O comando `r.rmarkdown.setKnitDirectory` aparece várias vezes na seção `commands`.
2023-01-10 17:54:39.359 [info] [REditorSupport.r]: O comando `r.rmarkdown.showPreviewToSide` aparece várias vezes na seção `commands`.
2023-01-10 17:54:39.360 [info] [REditorSupport.r]: O comando `r.rmarkdown.showPreview` aparece várias vezes na seção `commands`.
2023-01-10 17:54:39.360 [info] [REditorSupport.r]: O comando `r.rmarkdown.preview.refresh` aparece várias vezes na seção `commands`.
2023-01-10 17:54:39.360 [info] [REditorSupport.r]: O comando `r.rmarkdown.preview.openExternal` aparece várias vezes na seção `commands`.
2023-01-10 17:54:39.361 [info] [REditorSupport.r]: O comando `r.rmarkdown.preview.showSource` aparece várias vezes na seção `commands`.
2023-01-10 17:54:39.361 [info] [REditorSupport.r]: O comando `r.rmarkdown.preview.toggleStyle` aparece várias vezes na seção `commands`.
2023-01-10 17:54:39.362 [info] [REditorSupport.r]: O comando `r.rmarkdown.preview.enableAutoRefresh` aparece várias vezes na seção `commands`.
2023-01-10 17:54:39.362 [info] [REditorSupport.r]: O comando `r.rmarkdown.preview.disableAutoRefresh` aparece várias vezes na seção `commands`.
2023-01-10 17:54:39.363 [info] [REditorSupport.r]: O comando `r.launchAddinPicker` aparece várias vezes na seção `commands`.
2023-01-10 17:54:39.363 [info] [REditorSupport.r]: O comando `r.helpPanel.back` aparece várias vezes na seção `commands`.
2023-01-10 17:54:39.364 [info] [REditorSupport.r]: O comando `r.helpPanel.forward` aparece várias vezes na seção `commands`.
2023-01-10 17:54:39.364 [info] [REditorSupport.r]: O comando `r.helpPanel.openExternal` aparece várias vezes na seção `commands`.
2023-01-10 17:54:39.364 [info] [REditorSupport.r]: O comando `r.helpPanel.searchPackage` aparece várias vezes na seção `commands`.
2023-01-10 17:54:39.365 [info] [REditorSupport.r]: O comando `r.helpPanel.openInNewPanel` aparece várias vezes na seção `commands`.
2023-01-10 17:54:39.365 [info] [REditorSupport.r]: O comando `r.helpPanel.clearCache` aparece várias vezes na seção `commands`.
2023-01-10 17:54:39.366 [info] [REditorSupport.r]: O comando `r.helpPanel.filterPackages` aparece várias vezes na seção `commands`.
2023-01-10 17:54:39.366 [info] [REditorSupport.r]: O comando `r.helpPanel.removeFromFavorites` aparece várias vezes na seção `commands`.
2023-01-10 17:54:39.367 [info] [REditorSupport.r]: O comando `r.helpPanel.addToFavorites` aparece várias vezes na seção `commands`.
2023-01-10 17:54:39.367 [info] [REditorSupport.r]: O comando `r.helpPanel.showAllPackages` aparece várias vezes na seção `commands`.
2023-01-10 17:54:39.368 [info] [REditorSupport.r]: O comando `r.helpPanel.showOnlyFavorites` aparece várias vezes na seção `commands`.
2023-01-10 17:54:39.368 [info] [REditorSupport.r]: O comando `r.helpPanel.removePackage` aparece várias vezes na seção `commands`.
2023-01-10 17:54:39.369 [info] [REditorSupport.r]: O comando `r.helpPanel.updateInstalledPackages` aparece várias vezes na seção `commands`.
2023-01-10 17:54:39.369 [info] [REditorSupport.r]: O comando `r.helpPanel.updatePackage` aparece várias vezes na seção `commands`.
2023-01-10 17:54:39.370 [info] [REditorSupport.r]: O comando `r.helpPanel.installPackages` aparece várias vezes na seção `commands`.
2023-01-10 17:54:39.370 [info] [REditorSupport.r]: O comando `r.helpPanel.showQuickPick` aparece várias vezes na seção `commands`.
2023-01-10 17:54:39.371 [info] [REditorSupport.r]: O comando `r.helpPanel.summarizeTopics` aparece várias vezes na seção `commands`.
2023-01-10 17:54:39.371 [info] [REditorSupport.r]: O comando `r.helpPanel.unsummarizeTopics` aparece várias vezes na seção `commands`.
2023-01-10 17:54:39.372 [info] [REditorSupport.r]: O comando `r.helpPanel.openForSelection` aparece várias vezes na seção `commands`.
2023-01-10 17:54:39.372 [info] [REditorSupport.r]: O comando `r.helpPanel.openForPath` aparece várias vezes na seção `commands`.
2023-01-10 17:54:39.373 [info] [REditorSupport.r]: O comando `r.liveShare.toggle` aparece várias vezes na seção `commands`.
2023-01-10 17:54:39.373 [info] [REditorSupport.r]: O comando `r.liveShare.retry` aparece várias vezes na seção `commands`.
2023-01-10 17:54:39.374 [info] [REditorSupport.r]: O comando `r.plot.toggleStyle` aparece várias vezes na seção `commands`.
2023-01-10 17:54:39.374 [info] [REditorSupport.r]: O comando `r.plot.toggleFullWindow` aparece várias vezes na seção `commands`.
2023-01-10 17:54:39.375 [info] [REditorSupport.r]: O comando `r.plot.togglePreviewPlots` aparece várias vezes na seção `commands`.
2023-01-10 17:54:39.375 [info] [REditorSupport.r]: O comando `r.plot.exportPlot` aparece várias vezes na seção `commands`.
2023-01-10 17:54:39.376 [info] [REditorSupport.r]: O comando `r.plot.closePlot` aparece várias vezes na seção `commands`.
2023-01-10 17:54:39.376 [info] [REditorSupport.r]: O comando `r.plot.hidePlot` aparece várias vezes na seção `commands`.
2023-01-10 17:54:39.378 [info] [REditorSupport.r]: O comando `r.plot.resetPlots` aparece várias vezes na seção `commands`.
2023-01-10 17:54:39.378 [info] [REditorSupport.r]: O comando `r.plot.prevPlot` aparece várias vezes na seção `commands`.
2023-01-10 17:54:39.379 [info] [REditorSupport.r]: O comando `r.plot.nextPlot` aparece várias vezes na seção `commands`.
2023-01-10 17:54:39.379 [info] [REditorSupport.r]: O comando `r.plot.firstPlot` aparece várias vezes na seção `commands`.
2023-01-10 17:54:39.380 [info] [REditorSupport.r]: O comando `r.plot.lastPlot` aparece várias vezes na seção `commands`.
2023-01-10 17:54:39.380 [info] [REditorSupport.r]: O comando `r.plot.zoomIn` aparece várias vezes na seção `commands`.
2023-01-10 17:54:39.381 [info] [REditorSupport.r]: O comando `r.plot.zoomOut` aparece várias vezes na seção `commands`.
2023-01-10 17:54:39.381 [info] [REditorSupport.r]: O comando `r.plot.showViewers` aparece várias vezes na seção `commands`.
2023-01-10 17:54:39.382 [info] [REditorSupport.r]: O comando `r.plot.openUrl` aparece várias vezes na seção `commands`.
2023-01-10 17:54:39.382 [info] [REditorSupport.r]: O comando `r.plot.openExternal` aparece várias vezes na seção `commands`.
2023-01-10 17:54:39.383 [info] [REditorSupport.r]: O submenu `r.knitCommands` já foi registrado anteriormente.
2023-01-10 17:54:39.388 [warning] [REditorSupport.r]: Já foi feita a contribuição do submenu `r.knitCommands` para o menu `editor/title`.
2023-01-10 17:54:39.484 [error] [REditorSupport.r]: Não é possível registrar vários modos de exibição com a mesma id `workspaceViewer`
2023-01-10 17:54:39.485 [error] [REditorSupport.r]: Não é possível registrar vários modos de exibição com a mesma id `rHelpPages`
2023-01-10 17:54:39.485 [error] [REditorSupport.r]: Não é possível registrar vários modos de exibição com a mesma id `rLiveShare`
2023-01-10 17:54:40.081 [debug] [Registering Log Channel] File does not exist. Waiting for 1s to retry. file:///home/cadu/.config/VSCodium/logs/20230110T175436/editSessions.log
2023-01-10 17:54:42.442 [info] [perf] Render performance baseline is 103ms
2023-01-10 18:00:58.793 [debug] suggest.durations.json {"entries":[{"providerName":"snippetCompletions","elapsedProvider":1.8999999999068677,"elapsedOverall":3}],"elapsed":57}
2023-01-10 18:19:02.344 [debug] Webview(b36e1248-a5d6-40a3-8999-473e2ceb7028): will update content
2023-01-10 18:19:02.490 [debug] Webview(b36e1248-a5d6-40a3-8999-473e2ceb7028): webview ready
2023-01-10 18:19:08.270 [debug] Error while reading the extension cache file: /home/cadu/.config/VSCodium/CachedExtensions/user Não é possível ler o arquivo '/home/cadu/.config/VSCodium/CachedExtensions/user' (Error: Não é possível resolver o arquivo inexistente '/home/cadu/.config/VSCodium/CachedExtensions/user')
2023-01-10 18:19:08.333 [debug] ComputeTargetPlatform: linux-x64
2023-01-10 18:19:08.561 [warning] [amirHA.better-comments-2]: Não é possível registrar 'better-comments.multilineComments'. Esta propriedade já está registrada.
2023-01-10 18:19:08.562 [warning] [amirHA.better-comments-2]: Não é possível registrar 'better-comments.highlightPlainText'. Esta propriedade já está registrada.
2023-01-10 18:19:08.562 [warning] [amirHA.better-comments-2]: Não é possível registrar 'better-comments.tags'. Esta propriedade já está registrada.
2023-01-10 18:19:08.565 [warning] [REditorSupport.r]: Não é possível registrar 'r.rpath.windows'. Esta propriedade já está registrada.
2023-01-10 18:19:08.566 [warning] [REditorSupport.r]: Não é possível registrar 'r.rpath.mac'. Esta propriedade já está registrada.
2023-01-10 18:19:08.567 [warning] [REditorSupport.r]: Não é possível registrar 'r.rpath.linux'. Esta propriedade já está registrada.
2023-01-10 18:19:08.567 [warning] [REditorSupport.r]: Não é possível registrar 'r.rterm.windows'. Esta propriedade já está registrada.
2023-01-10 18:19:08.568 [warning] [REditorSupport.r]: Não é possível registrar 'r.rterm.mac'. Esta propriedade já está registrada.
2023-01-10 18:19:08.568 [warning] [REditorSupport.r]: Não é possível registrar 'r.rterm.linux'. Esta propriedade já está registrada.
2023-01-10 18:19:08.569 [warning] [REditorSupport.r]: Não é possível registrar 'r.rterm.option'. Esta propriedade já está registrada.
2023-01-10 18:19:08.569 [warning] [REditorSupport.r]: Não é possível registrar 'r.lsp.enabled'. Esta propriedade já está registrada.
2023-01-10 18:19:08.569 [warning] [REditorSupport.r]: Não é possível registrar 'r.lsp.args'. Esta propriedade já está registrada.
2023-01-10 18:19:08.570 [warning] [REditorSupport.r]: Não é possível registrar 'r.lsp.debug'. Esta propriedade já está registrada.
2023-01-10 18:19:08.570 [warning] [REditorSupport.r]: Não é possível registrar 'r.lsp.diagnostics'. Esta propriedade já está registrada.
2023-01-10 18:19:08.571 [warning] [REditorSupport.r]: Não é possível registrar 'r.lsp.lang'. Esta propriedade já está registrada.
2023-01-10 18:19:08.571 [warning] [REditorSupport.r]: Não é possível registrar 'r.lsp.use_stdio'. Esta propriedade já está registrada.
2023-01-10 18:19:08.571 [warning] [REditorSupport.r]: Não é possível registrar 'r.rmarkdown.codeLensCommands'. Esta propriedade já está registrada.
2023-01-10 18:19:08.572 [warning] [REditorSupport.r]: Não é possível registrar 'r.rmarkdown.enableCodeLens'. Esta propriedade já está registrada.
2023-01-10 18:19:08.572 [warning] [REditorSupport.r]: Não é possível registrar 'r.rmarkdown.chunkBackgroundColor'. Esta propriedade já está registrada.
2023-01-10 18:19:08.573 [warning] [REditorSupport.r]: Não é possível registrar 'r.rmarkdown.preview.autoRefresh'. Esta propriedade já está registrada.
2023-01-10 18:19:08.573 [warning] [REditorSupport.r]: Não é possível registrar 'r.rmarkdown.knit.useBackgroundProcess'. Esta propriedade já está registrada.
2023-01-10 18:19:08.573 [warning] [REditorSupport.r]: Não é possível registrar 'r.rmarkdown.knit.focusOutputChannel'. Esta propriedade já está registrada.
2023-01-10 18:19:08.574 [warning] [REditorSupport.r]: Não é possível registrar 'r.rmarkdown.knit.openOutputFile'. Esta propriedade já está registrada.
2023-01-10 18:19:08.574 [warning] [REditorSupport.r]: Não é possível registrar 'r.rmarkdown.knit.command'. Esta propriedade já está registrada.
2023-01-10 18:19:08.574 [warning] [REditorSupport.r]: Não é possível registrar 'r.rmarkdown.knit.defaults.knitWorkingDirectory'. Esta propriedade já está registrada.
2023-01-10 18:19:08.575 [warning] [REditorSupport.r]: Não é possível registrar 'r.helpPanel.enableSyntaxHighlighting'. Esta propriedade já está registrada.
2023-01-10 18:19:08.575 [warning] [REditorSupport.r]: Não é possível registrar 'r.helpPanel.cacheIndexFiles'. Esta propriedade já está registrada.
2023-01-10 18:19:08.575 [warning] [REditorSupport.r]: Não é possível registrar 'r.helpPanel.rpath'. Esta propriedade já está registrada.
2023-01-10 18:19:08.576 [warning] [REditorSupport.r]: Não é possível registrar 'r.helpPanel.enableHoverLinks'. Esta propriedade já está registrada.
2023-01-10 18:19:08.576 [warning] [REditorSupport.r]: Não é possível registrar 'r.source.encoding'. Esta propriedade já está registrada.
2023-01-10 18:19:08.576 [warning] [REditorSupport.r]: Não é possível registrar 'r.source.focus'. Esta propriedade já está registrada.
2023-01-10 18:19:08.577 [warning] [REditorSupport.r]: Não é possível registrar 'r.alwaysUseActiveTerminal'. Esta propriedade já está registrada.
2023-01-10 18:19:08.577 [warning] [REditorSupport.r]: Não é possível registrar 'r.bracketedPaste'. Esta propriedade já está registrada.
2023-01-10 18:19:08.577 [warning] [REditorSupport.r]: Não é possível registrar 'r.sessionWatcher'. Esta propriedade já está registrada.
2023-01-10 18:19:08.578 [warning] [REditorSupport.r]: Não é possível registrar 'r.session.watchGlobalEnvironment'. Esta propriedade já está registrada.
2023-01-10 18:19:08.578 [warning] [REditorSupport.r]: Não é possível registrar 'r.session.objectLengthLimit'. Esta propriedade já está registrada.
2023-01-10 18:19:08.579 [warning] [REditorSupport.r]: Não é possível registrar 'r.session.objectTimeout'. Esta propriedade já está registrada.
2023-01-10 18:19:08.579 [warning] [REditorSupport.r]: Não é possível registrar 'r.session.levelOfObjectDetail'. Esta propriedade já está registrada.
2023-01-10 18:19:08.579 [warning] [REditorSupport.r]: Não é possível registrar 'r.session.emulateRStudioAPI'. Esta propriedade já está registrada.
2023-01-10 18:19:08.580 [warning] [REditorSupport.r]: Não é possível registrar 'r.session.data.rowLimit'. Esta propriedade já está registrada.
2023-01-10 18:19:08.581 [warning] [REditorSupport.r]: Não é possível registrar 'r.session.viewers.viewColumn'. Esta propriedade já está registrada.
2023-01-10 18:19:08.582 [warning] [REditorSupport.r]: Não é possível registrar 'r.rtermSendDelay'. Esta propriedade já está registrada.
2023-01-10 18:19:08.582 [warning] [REditorSupport.r]: Não é possível registrar 'r.workspaceViewer.showObjectSize'. Esta propriedade já está registrada.
2023-01-10 18:19:08.583 [warning] [REditorSupport.r]: Não é possível registrar 'r.workspaceViewer.removeHiddenItems'. Esta propriedade já está registrada.
2023-01-10 18:19:08.584 [warning] [REditorSupport.r]: Não é possível registrar 'r.workspaceViewer.clearPrompt'. Esta propriedade já está registrada.
2023-01-10 18:19:08.585 [warning] [REditorSupport.r]: Não é possível registrar 'r.liveShare.timeout'. Esta propriedade já está registrada.
2023-01-10 18:19:08.585 [warning] [REditorSupport.r]: Não é possível registrar 'r.liveShare.defaults.commandForward'. Esta propriedade já está registrada.
2023-01-10 18:19:08.585 [warning] [REditorSupport.r]: Não é possível registrar 'r.liveShare.defaults.shareWorkspace'. Esta propriedade já está registrada.
2023-01-10 18:19:08.586 [warning] [REditorSupport.r]: Não é possível registrar 'r.liveShare.defaults.shareBrowser'. Esta propriedade já está registrada.
2023-01-10 18:19:08.586 [warning] [REditorSupport.r]: Não é possível registrar 'r.plot.useHttpgd'. Esta propriedade já está registrada.
2023-01-10 18:19:08.586 [warning] [REditorSupport.r]: Não é possível registrar 'r.plot.defaults.colorTheme'. Esta propriedade já está registrada.
2023-01-10 18:19:08.587 [warning] [REditorSupport.r]: Não é possível registrar 'r.plot.defaults.plotPreviewLayout'. Esta propriedade já está registrada.
2023-01-10 18:19:08.587 [warning] [REditorSupport.r]: Não é possível registrar 'r.plot.defaults.fullWindowMode'. Esta propriedade já está registrada.
2023-01-10 18:19:08.587 [warning] [REditorSupport.r]: Não é possível registrar 'r.plot.timing.resizeInterval'. Esta propriedade já está registrada.
2023-01-10 18:19:08.588 [warning] [REditorSupport.r]: Não é possível registrar 'r.plot.timing.refreshInterval'. Esta propriedade já está registrada.
2023-01-10 18:19:08.588 [warning] [REditorSupport.r]: Não é possível registrar 'r.plot.customStyleOverwrites'. Esta propriedade já está registrada.
2023-01-10 18:19:08.696 [info] [REditorSupport.r]: O comando `r.workspaceViewer.refreshEntry` aparece várias vezes na seção `commands`.
2023-01-10 18:19:08.696 [info] [REditorSupport.r]: O comando `r.workspaceViewer.view` aparece várias vezes na seção `commands`.
2023-01-10 18:19:08.696 [info] [REditorSupport.r]: O comando `r.workspaceViewer.clear` aparece várias vezes na seção `commands`.
2023-01-10 18:19:08.697 [info] [REditorSupport.r]: O comando `r.workspaceViewer.remove` aparece várias vezes na seção `commands`.
2023-01-10 18:19:08.697 [info] [REditorSupport.r]: O comando `r.workspaceViewer.save` aparece várias vezes na seção `commands`.
2023-01-10 18:19:08.697 [info] [REditorSupport.r]: O comando `r.workspaceViewer.load` aparece várias vezes na seção `commands`.
2023-01-10 18:19:08.697 [info] [REditorSupport.r]: O comando `r.browser.refresh` aparece várias vezes na seção `commands`.
2023-01-10 18:19:08.698 [info] [REditorSupport.r]: O comando `r.browser.openExternal` aparece várias vezes na seção `commands`.
2023-01-10 18:19:08.698 [info] [REditorSupport.r]: O comando `r.showHelp` aparece várias vezes na seção `commands`.
2023-01-10 18:19:08.698 [info] [REditorSupport.r]: O comando `editor.action.webvieweditor.showFind` aparece várias vezes na seção `commands`.
2023-01-10 18:19:08.699 [info] [REditorSupport.r]: O comando `r.createRTerm` aparece várias vezes na seção `commands`.
2023-01-10 18:19:08.699 [info] [REditorSupport.r]: O comando `r.runSource` aparece várias vezes na seção `commands`.
2023-01-10 18:19:08.700 [info] [REditorSupport.r]: O comando `r.knitRmd` aparece várias vezes na seção `commands`.
2023-01-10 18:19:08.700 [info] [REditorSupport.r]: O comando `r.knitRmdToPdf` aparece várias vezes na seção `commands`.
2023-01-10 18:19:08.701 [info] [REditorSupport.r]: O comando `r.knitRmdToHtml` aparece várias vezes na seção `commands`.
2023-01-10 18:19:08.701 [info] [REditorSupport.r]: O comando `r.knitRmdToAll` aparece várias vezes na seção `commands`.
2023-01-10 18:19:08.702 [info] [REditorSupport.r]: O comando `r.runSourcewithEcho` aparece várias vezes na seção `commands`.
2023-01-10 18:19:08.702 [info] [REditorSupport.r]: O comando `r.runSelection` aparece várias vezes na seção `commands`.
2023-01-10 18:19:08.702 [info] [REditorSupport.r]: O comando `r.nrow` aparece várias vezes na seção `commands`.
2023-01-10 18:19:08.702 [info] [REditorSupport.r]: O comando `r.length` aparece várias vezes na seção `commands`.
2023-01-10 18:19:08.703 [info] [REditorSupport.r]: O comando `r.head` aparece várias vezes na seção `commands`.
2023-01-10 18:19:08.703 [info] [REditorSupport.r]: O comando `r.thead` aparece várias vezes na seção `commands`.
2023-01-10 18:19:08.703 [info] [REditorSupport.r]: O comando `r.names` aparece várias vezes na seção `commands`.
2023-01-10 18:19:08.704 [info] [REditorSupport.r]: O comando `r.createGitignore` aparece várias vezes na seção `commands`.
2023-01-10 18:19:08.704 [info] [REditorSupport.r]: O comando `r.previewDataframe` aparece várias vezes na seção `commands`.
2023-01-10 18:19:08.704 [info] [REditorSupport.r]: O comando `r.previewEnvironment` aparece várias vezes na seção `commands`.
2023-01-10 18:19:08.705 [info] [REditorSupport.r]: O comando `r.loadAll` aparece várias vezes na seção `commands`.
2023-01-10 18:19:08.705 [info] [REditorSupport.r]: O comando `r.build` aparece várias vezes na seção `commands`.
2023-01-10 18:19:08.705 [info] [REditorSupport.r]: O comando `r.check` aparece várias vezes na seção `commands`.
2023-01-10 18:19:08.706 [info] [REditorSupport.r]: O comando `r.document` aparece várias vezes na seção `commands`.
2023-01-10 18:19:08.706 [info] [REditorSupport.r]: O comando `r.install` aparece várias vezes na seção `commands`.
2023-01-10 18:19:08.706 [info] [REditorSupport.r]: O comando `r.test` aparece várias vezes na seção `commands`.
2023-01-10 18:19:08.707 [info] [REditorSupport.r]: O comando `r.attachActive` aparece várias vezes na seção `commands`.
2023-01-10 18:19:08.707 [info] [REditorSupport.r]: O comando `r.runCommandWithSelectionOrWord` aparece várias vezes na seção `commands`.
2023-01-10 18:19:08.707 [info] [REditorSupport.r]: O comando `r.runCommandWithEditorPath` aparece várias vezes na seção `commands`.
2023-01-10 18:19:08.708 [info] [REditorSupport.r]: O comando `r.runCommand` aparece várias vezes na seção `commands`.
2023-01-10 18:19:08.708 [info] [REditorSupport.r]: O comando `r.runFromBeginningToLine` aparece várias vezes na seção `commands`.
2023-01-10 18:19:08.708 [info] [REditorSupport.r]: O comando `r.runFromLineToEnd` aparece várias vezes na seção `commands`.
2023-01-10 18:19:08.708 [info] [REditorSupport.r]: O comando `r.runSelectionRetainCursor` aparece várias vezes na seção `commands`.
2023-01-10 18:19:08.709 [info] [REditorSupport.r]: O comando `r.selectCurrentChunk` aparece várias vezes na seção `commands`.
2023-01-10 18:19:08.709 [info] [REditorSupport.r]: O comando `r.runCurrentChunk` aparece várias vezes na seção `commands`.
2023-01-10 18:19:08.709 [info] [REditorSupport.r]: O comando `r.runPreviousChunk` aparece várias vezes na seção `commands`.
2023-01-10 18:19:08.710 [info] [REditorSupport.r]: O comando `r.runNextChunk` aparece várias vezes na seção `commands`.
2023-01-10 18:19:08.710 [info] [REditorSupport.r]: O comando `r.runAboveChunks` aparece várias vezes na seção `commands`.
2023-01-10 18:19:08.710 [info] [REditorSupport.r]: O comando `r.runCurrentAndBelowChunks` aparece várias vezes na seção `commands`.
2023-01-10 18:19:08.711 [info] [REditorSupport.r]: O comando `r.runBelowChunks` aparece várias vezes na seção `commands`.
2023-01-10 18:19:08.711 [info] [REditorSupport.r]: O comando `r.runAllChunks` aparece várias vezes na seção `commands`.
2023-01-10 18:19:08.711 [info] [REditorSupport.r]: O comando `r.goToPreviousChunk` aparece várias vezes na seção `commands`.
2023-01-10 18:19:08.711 [info] [REditorSupport.r]: O comando `r.goToNextChunk` aparece várias vezes na seção `commands`.
2023-01-10 18:19:08.712 [info] [REditorSupport.r]: O comando `r.rmarkdown.newDraft` aparece várias vezes na seção `commands`.
2023-01-10 18:19:08.712 [info] [REditorSupport.r]: O comando `r.rmarkdown.setKnitDirectory` aparece várias vezes na seção `commands`.
2023-01-10 18:19:08.712 [info] [REditorSupport.r]: O comando `r.rmarkdown.showPreviewToSide` aparece várias vezes na seção `commands`.
2023-01-10 18:19:08.713 [info] [REditorSupport.r]: O comando `r.rmarkdown.showPreview` aparece várias vezes na seção `commands`.
2023-01-10 18:19:08.713 [info] [REditorSupport.r]: O comando `r.rmarkdown.preview.refresh` aparece várias vezes na seção `commands`.
2023-01-10 18:19:08.713 [info] [REditorSupport.r]: O comando `r.rmarkdown.preview.openExternal` aparece várias vezes na seção `commands`.
2023-01-10 18:19:08.713 [info] [REditorSupport.r]: O comando `r.rmarkdown.preview.showSource` aparece várias vezes na seção `commands`.
2023-01-10 18:19:08.714 [info] [REditorSupport.r]: O comando `r.rmarkdown.preview.toggleStyle` aparece várias vezes na seção `commands`.
2023-01-10 18:19:08.714 [info] [REditorSupport.r]: O comando `r.rmarkdown.preview.enableAutoRefresh` aparece várias vezes na seção `commands`.
2023-01-10 18:19:08.715 [info] [REditorSupport.r]: O comando `r.rmarkdown.preview.disableAutoRefresh` aparece várias vezes na seção `commands`.
2023-01-10 18:19:08.715 [info] [REditorSupport.r]: O comando `r.launchAddinPicker` aparece várias vezes na seção `commands`.
2023-01-10 18:19:08.715 [info] [REditorSupport.r]: O comando `r.helpPanel.back` aparece várias vezes na seção `commands`.
2023-01-10 18:19:08.716 [info] [REditorSupport.r]: O comando `r.helpPanel.forward` aparece várias vezes na seção `commands`.
2023-01-10 18:19:08.717 [info] [REditorSupport.r]: O comando `r.helpPanel.openExternal` aparece várias vezes na seção `commands`.
2023-01-10 18:19:08.718 [info] [REditorSupport.r]: O comando `r.helpPanel.searchPackage` aparece várias vezes na seção `commands`.
2023-01-10 18:19:08.718 [info] [REditorSupport.r]: O comando `r.helpPanel.openInNewPanel` aparece várias vezes na seção `commands`.
2023-01-10 18:19:08.718 [info] [REditorSupport.r]: O comando `r.helpPanel.clearCache` aparece várias vezes na seção `commands`.
2023-01-10 18:19:08.719 [info] [REditorSupport.r]: O comando `r.helpPanel.filterPackages` aparece várias vezes na seção `commands`.
2023-01-10 18:19:08.719 [info] [REditorSupport.r]: O comando `r.helpPanel.removeFromFavorites` aparece várias vezes na seção `commands`.
2023-01-10 18:19:08.719 [info] [REditorSupport.r]: O comando `r.helpPanel.addToFavorites` aparece várias vezes na seção `commands`.
2023-01-10 18:19:08.720 [info] [REditorSupport.r]: O comando `r.helpPanel.showAllPackages` aparece várias vezes na seção `commands`.
2023-01-10 18:19:08.720 [info] [REditorSupport.r]: O comando `r.helpPanel.showOnlyFavorites` aparece várias vezes na seção `commands`.
2023-01-10 18:19:08.720 [info] [REditorSupport.r]: O comando `r.helpPanel.removePackage` aparece várias vezes na seção `commands`.
2023-01-10 18:19:08.722 [info] [REditorSupport.r]: O comando `r.helpPanel.updateInstalledPackages` aparece várias vezes na seção `commands`.
2023-01-10 18:19:08.723 [info] [REditorSupport.r]: O comando `r.helpPanel.updatePackage` aparece várias vezes na seção `commands`.
2023-01-10 18:19:08.723 [info] [REditorSupport.r]: O comando `r.helpPanel.installPackages` aparece várias vezes na seção `commands`.
2023-01-10 18:19:08.723 [info] [REditorSupport.r]: O comando `r.helpPanel.showQuickPick` aparece várias vezes na seção `commands`.
2023-01-10 18:19:08.724 [info] [REditorSupport.r]: O comando `r.helpPanel.summarizeTopics` aparece várias vezes na seção `commands`.
2023-01-10 18:19:08.724 [info] [REditorSupport.r]: O comando `r.helpPanel.unsummarizeTopics` aparece várias vezes na seção `commands`.
2023-01-10 18:19:08.725 [info] [REditorSupport.r]: O comando `r.helpPanel.openForSelection` aparece várias vezes na seção `commands`.
2023-01-10 18:19:08.725 [info] [REditorSupport.r]: O comando `r.helpPanel.openForPath` aparece várias vezes na seção `commands`.
2023-01-10 18:19:08.725 [info] [REditorSupport.r]: O comando `r.liveShare.toggle` aparece várias vezes na seção `commands`.
2023-01-10 18:19:08.726 [info] [REditorSupport.r]: O comando `r.liveShare.retry` aparece várias vezes na seção `commands`.
2023-01-10 18:19:08.726 [info] [REditorSupport.r]: O comando `r.plot.toggleStyle` aparece várias vezes na seção `commands`.
2023-01-10 18:19:08.726 [info] [REditorSupport.r]: O comando `r.plot.toggleFullWindow` aparece várias vezes na seção `commands`.
2023-01-10 18:19:08.727 [info] [REditorSupport.r]: O comando `r.plot.togglePreviewPlots` aparece várias vezes na seção `commands`.
2023-01-10 18:19:08.727 [info] [REditorSupport.r]: O comando `r.plot.exportPlot` aparece várias vezes na seção `commands`.
2023-01-10 18:19:08.729 [info] [REditorSupport.r]: O comando `r.plot.closePlot` aparece várias vezes na seção `commands`.
2023-01-10 18:19:08.731 [info] [REditorSupport.r]: O comando `r.plot.hidePlot` aparece várias vezes na seção `commands`.
2023-01-10 18:19:08.733 [info] [REditorSupport.r]: O comando `r.plot.resetPlots` aparece várias vezes na seção `commands`.
2023-01-10 18:19:08.733 [info] [REditorSupport.r]: O comando `r.plot.prevPlot` aparece várias vezes na seção `commands`.
2023-01-10 18:19:08.734 [info] [REditorSupport.r]: O comando `r.plot.nextPlot` aparece várias vezes na seção `commands`.
2023-01-10 18:19:08.734 [info] [REditorSupport.r]: O comando `r.plot.firstPlot` aparece várias vezes na seção `commands`.
2023-01-10 18:19:08.734 [info] [REditorSupport.r]: O comando `r.plot.lastPlot` aparece várias vezes na seção `commands`.
2023-01-10 18:19:08.735 [info] [REditorSupport.r]: O comando `r.plot.zoomIn` aparece várias vezes na seção `commands`.
2023-01-10 18:19:08.735 [info] [REditorSupport.r]: O comando `r.plot.zoomOut` aparece várias vezes na seção `commands`.
2023-01-10 18:19:08.735 [info] [REditorSupport.r]: O comando `r.plot.showViewers` aparece várias vezes na seção `commands`.
2023-01-10 18:19:08.736 [info] [REditorSupport.r]: O comando `r.plot.openUrl` aparece várias vezes na seção `commands`.
2023-01-10 18:19:08.736 [info] [REditorSupport.r]: O comando `r.plot.openExternal` aparece várias vezes na seção `commands`.
2023-01-10 18:19:08.736 [info] [REditorSupport.r]: O submenu `r.knitCommands` já foi registrado anteriormente.
2023-01-10 18:19:08.738 [warning] [REditorSupport.r]: Já foi feita a contribuição do submenu `r.knitCommands` para o menu `editor/title`.
2023-01-10 18:19:08.825 [error] [REditorSupport.r]: Não é possível registrar vários modos de exibição com a mesma id `workspaceViewer`
2023-01-10 18:19:08.825 [error] [REditorSupport.r]: Não é possível registrar vários modos de exibição com a mesma id `rHelpPages`
2023-01-10 18:19:08.826 [error] [REditorSupport.r]: Não é possível registrar vários modos de exibição com a mesma id `rLiveShare`
2023-01-10 18:19:11.629 [info] [perf] Render performance baseline is 44ms
