2023-01-10 17:54:38.505 [info] Added views:workbench.panel.markers.view in workbench.panel.markers
2023-01-10 17:54:38.505 [info] Added views:workbench.panel.output in workbench.panel.output
2023-01-10 17:54:38.505 [info] Added views:terminal in terminal
2023-01-10 17:54:38.505 [info] Added views:outline in workbench.view.explorer
2023-01-10 17:54:38.505 [info] Added views:workbench.scm in workbench.view.scm
2023-01-10 17:54:38.505 [info] Added views:workbench.view.search in workbench.view.search
2023-01-10 17:54:38.505 [info] Added views:timeline in workbench.view.explorer
2023-01-10 17:54:38.505 [info] Added views:workbench.explorer.fileView in workbench.view.explorer
2023-01-10 17:54:38.711 [info] Added views:workbench.debug.welcome in workbench.view.debug
2023-01-10 17:54:39.487 [info] Added views:pr:github,issues:github in workbench.view.extension.github-pull-requests
2023-01-10 17:54:40.286 [info] Added views:workbench.panel.repl.view in workbench.panel.repl
2023-01-10 18:18:56.595 [info] Added views:workbench.views.extensions.installed,workbench.views.extensions.popular,extensions.recommendedList in workbench.view.extensions
2023-01-10 18:18:56.606 [info] Removed views:workbench.views.extensions.popular from workbench.view.extensions
2023-01-10 18:19:07.934 [info] Added views:workbench.panel.markers.view in workbench.panel.markers
2023-01-10 18:19:07.934 [info] Added views:workbench.panel.output in workbench.panel.output
2023-01-10 18:19:07.934 [info] Added views:terminal in terminal
2023-01-10 18:19:07.934 [info] Added views:outline in workbench.view.explorer
2023-01-10 18:19:07.934 [info] Added views:workbench.scm in workbench.view.scm
2023-01-10 18:19:07.934 [info] Added views:workbench.view.search in workbench.view.search
2023-01-10 18:19:07.934 [info] Added views:timeline in workbench.view.explorer
2023-01-10 18:19:07.934 [info] Added views:workbench.explorer.fileView in workbench.view.explorer
2023-01-10 18:19:08.028 [info] Added views:workbench.debug.welcome in workbench.view.debug
2023-01-10 18:19:08.100 [info] Added views:workbench.views.extensions.installed,extensions.recommendedList in workbench.view.extensions
2023-01-10 18:19:08.827 [info] Added views:pr:github,issues:github in workbench.view.extension.github-pull-requests
2023-01-10 18:19:10.055 [info] Added views:workbench.panel.repl.view in workbench.panel.repl
