2023-01-12 15:50:37.941 [info] Nível de log: Debug
2023-01-12 15:50:37.942 [info] Validando o git encontrado em: git
2023-01-12 15:50:37.942 [info] Usando git ''2.39.0'' de ''git''
2023-01-12 15:50:37.942 [info] > git rev-parse --show-toplevel [4ms]
2023-01-12 15:50:37.942 [info] fatal: not a git repository (or any parent up to mount point /)
Stopping at filesystem boundary (GIT_DISCOVERY_ACROSS_FILESYSTEM not set).
2023-01-12 15:50:37.942 [info] > git rev-parse --show-toplevel [3ms]
2023-01-12 15:50:37.942 [info] fatal: not a git repository (or any parent up to mount point /)
Stopping at filesystem boundary (GIT_DISCOVERY_ACROSS_FILESYSTEM not set).
2023-01-12 15:50:37.947 [info] > git rev-parse --show-toplevel [51ms]
2023-01-12 15:50:37.947 [info] fatal: not a git repository (or any parent up to mount point /)
Stopping at filesystem boundary (GIT_DISCOVERY_ACROSS_FILESYSTEM not set).
2023-01-12 15:50:37.980 [info] > git rev-parse --show-toplevel [25ms]
2023-01-12 15:50:37.980 [info] fatal: not a git repository (or any parent up to mount point /)
Stopping at filesystem boundary (GIT_DISCOVERY_ACROSS_FILESYSTEM not set).
2023-01-12 15:50:37.990 [info] > git rev-parse --show-toplevel [5ms]
2023-01-12 15:50:37.990 [info] fatal: not a git repository (or any parent up to mount point /)
Stopping at filesystem boundary (GIT_DISCOVERY_ACROSS_FILESYSTEM not set).
2023-01-12 15:50:38.367 [info] > git rev-parse --show-toplevel [1ms]
2023-01-12 15:50:38.367 [info] fatal: not a git repository (or any parent up to mount point /)
Stopping at filesystem boundary (GIT_DISCOVERY_ACROSS_FILESYSTEM not set).
2023-01-12 15:51:13.857 [info] > git rev-parse --show-toplevel [1ms]
2023-01-12 15:51:13.857 [info] fatal: not a git repository (or any parent up to mount point /)
Stopping at filesystem boundary (GIT_DISCOVERY_ACROSS_FILESYSTEM not set).
2023-01-12 15:51:23.807 [info] > git rev-parse --show-toplevel [1ms]
2023-01-12 15:51:23.807 [info] fatal: not a git repository (or any parent up to mount point /)
Stopping at filesystem boundary (GIT_DISCOVERY_ACROSS_FILESYSTEM not set).
2023-01-12 15:51:28.353 [info] > git rev-parse --show-toplevel [3ms]
2023-01-12 15:51:28.353 [info] fatal: not a git repository (or any parent up to mount point /)
Stopping at filesystem boundary (GIT_DISCOVERY_ACROSS_FILESYSTEM not set).
2023-01-12 15:51:56.161 [info] > git rev-parse --show-toplevel [1ms]
2023-01-12 15:51:56.161 [info] fatal: not a git repository (or any parent up to mount point /)
Stopping at filesystem boundary (GIT_DISCOVERY_ACROSS_FILESYSTEM not set).
