2023-01-09 21:09:20.200 [info] Nível de log: Debug
2023-01-09 21:09:20.200 [info] Validando o git encontrado em: git
2023-01-09 21:09:20.200 [info] Usando git ''2.39.0'' de ''git''
2023-01-09 21:09:20.200 [info] > git rev-parse --show-toplevel [5ms]
2023-01-09 21:09:20.200 [info] fatal: not a git repository (or any parent up to mount point /)
Stopping at filesystem boundary (GIT_DISCOVERY_ACROSS_FILESYSTEM not set).
2023-01-09 21:09:20.200 [info] > git rev-parse --show-toplevel [1ms]
2023-01-09 21:09:20.200 [info] fatal: not a git repository (or any parent up to mount point /)
Stopping at filesystem boundary (GIT_DISCOVERY_ACROSS_FILESYSTEM not set).
2023-01-09 21:09:20.200 [info] > git rev-parse --show-toplevel [4ms]
2023-01-09 21:09:20.200 [info] fatal: not a git repository (or any parent up to mount point /)
Stopping at filesystem boundary (GIT_DISCOVERY_ACROSS_FILESYSTEM not set).
2023-01-09 21:09:20.207 [info] > git rev-parse --show-toplevel [14ms]
2023-01-09 21:09:20.207 [info] fatal: not a git repository (or any parent up to mount point /)
Stopping at filesystem boundary (GIT_DISCOVERY_ACROSS_FILESYSTEM not set).
2023-01-09 21:09:20.292 [info] > git rev-parse --show-toplevel [78ms]
2023-01-09 21:09:20.292 [info] fatal: not a git repository (or any parent up to mount point /)
Stopping at filesystem boundary (GIT_DISCOVERY_ACROSS_FILESYSTEM not set).
2023-01-09 21:09:20.804 [info] > git rev-parse --show-toplevel [2ms]
2023-01-09 21:09:20.804 [info] fatal: not a git repository (or any parent up to mount point /)
Stopping at filesystem boundary (GIT_DISCOVERY_ACROSS_FILESYSTEM not set).
2023-01-09 21:10:53.041 [info] > git rev-parse --show-toplevel [3ms]
2023-01-09 21:10:53.041 [info] fatal: not a git repository (or any parent up to mount point /)
Stopping at filesystem boundary (GIT_DISCOVERY_ACROSS_FILESYSTEM not set).
2023-01-09 21:12:18.949 [info] > git rev-parse --show-toplevel [2ms]
2023-01-09 21:12:18.949 [info] fatal: not a git repository (or any parent up to mount point /)
Stopping at filesystem boundary (GIT_DISCOVERY_ACROSS_FILESYSTEM not set).
2023-01-09 21:14:26.858 [info] > git rev-parse --show-toplevel [2ms]
2023-01-09 21:14:26.858 [info] fatal: not a git repository (or any parent up to mount point /)
Stopping at filesystem boundary (GIT_DISCOVERY_ACROSS_FILESYSTEM not set).
2023-01-09 21:19:26.077 [info] > git rev-parse --show-toplevel [4ms]
2023-01-09 21:19:26.077 [info] fatal: not a git repository (or any parent up to mount point /)
Stopping at filesystem boundary (GIT_DISCOVERY_ACROSS_FILESYSTEM not set).
