2023-01-20 07:51:20.549 [info] Nível de log: Debug
2023-01-20 07:51:20.549 [info] Validando o git encontrado em: git
2023-01-20 07:51:20.549 [info] Usando git ''2.39.0'' de ''git''
2023-01-20 07:51:20.554 [info] > git rev-parse --show-toplevel [7ms]
2023-01-20 07:51:20.554 [info] fatal: not a git repository (or any parent up to mount point /)
Stopping at filesystem boundary (GIT_DISCOVERY_ACROSS_FILESYSTEM not set).
2023-01-20 07:51:20.562 [info] > git rev-parse --show-toplevel [1ms]
2023-01-20 07:51:20.562 [info] fatal: not a git repository (or any parent up to mount point /)
Stopping at filesystem boundary (GIT_DISCOVERY_ACROSS_FILESYSTEM not set).
2023-01-20 07:51:20.636 [info] > git rev-parse --show-toplevel [65ms]
2023-01-20 07:51:20.636 [info] fatal: not a git repository (or any parent up to mount point /)
Stopping at filesystem boundary (GIT_DISCOVERY_ACROSS_FILESYSTEM not set).
2023-01-20 07:51:20.666 [info] > git rev-parse --show-toplevel [25ms]
2023-01-20 07:51:20.666 [info] fatal: not a git repository (or any parent up to mount point /)
Stopping at filesystem boundary (GIT_DISCOVERY_ACROSS_FILESYSTEM not set).
2023-01-20 07:51:20.674 [info] > git rev-parse --show-toplevel [2ms]
2023-01-20 07:51:20.674 [info] fatal: not a git repository (or any parent up to mount point /)
Stopping at filesystem boundary (GIT_DISCOVERY_ACROSS_FILESYSTEM not set).
2023-01-20 07:51:21.474 [info] > git rev-parse --show-toplevel [2ms]
2023-01-20 07:51:21.474 [info] fatal: not a git repository (or any parent up to mount point /)
Stopping at filesystem boundary (GIT_DISCOVERY_ACROSS_FILESYSTEM not set).
2023-01-20 07:51:59.780 [info] > git rev-parse --show-toplevel [2ms]
2023-01-20 07:51:59.780 [info] fatal: not a git repository (or any parent up to mount point /)
Stopping at filesystem boundary (GIT_DISCOVERY_ACROSS_FILESYSTEM not set).
2023-01-20 07:54:57.372 [info] > git rev-parse --show-toplevel [2ms]
2023-01-20 07:54:57.372 [info] fatal: not a git repository (or any parent up to mount point /)
Stopping at filesystem boundary (GIT_DISCOVERY_ACROSS_FILESYSTEM not set).
2023-01-20 07:55:15.555 [info] > git rev-parse --show-toplevel [40ms]
2023-01-20 07:55:15.555 [info] fatal: not a git repository (or any parent up to mount point /)
Stopping at filesystem boundary (GIT_DISCOVERY_ACROSS_FILESYSTEM not set).
2023-01-20 07:55:19.201 [info] > git rev-parse --show-toplevel [2ms]
2023-01-20 07:55:19.201 [info] fatal: not a git repository (or any parent up to mount point /)
Stopping at filesystem boundary (GIT_DISCOVERY_ACROSS_FILESYSTEM not set).
2023-01-20 07:55:23.841 [info] > git rev-parse --show-toplevel [2ms]
2023-01-20 07:55:23.841 [info] fatal: not a git repository (or any parent up to mount point /)
Stopping at filesystem boundary (GIT_DISCOVERY_ACROSS_FILESYSTEM not set).
2023-01-20 07:55:47.257 [info] > git rev-parse --show-toplevel [5ms]
2023-01-20 07:55:47.258 [info] fatal: not a git repository (or any parent up to mount point /)
Stopping at filesystem boundary (GIT_DISCOVERY_ACROSS_FILESYSTEM not set).
2023-01-20 07:56:16.579 [info] > git rev-parse --show-toplevel [3ms]
2023-01-20 07:56:16.579 [info] fatal: not a git repository (or any parent up to mount point /)
Stopping at filesystem boundary (GIT_DISCOVERY_ACROSS_FILESYSTEM not set).
2023-01-20 07:56:38.218 [info] > git rev-parse --show-toplevel [1ms]
2023-01-20 07:56:38.218 [info] fatal: not a git repository (or any parent up to mount point /)
Stopping at filesystem boundary (GIT_DISCOVERY_ACROSS_FILESYSTEM not set).
2023-01-20 07:59:47.658 [info] > git rev-parse --show-toplevel [5ms]
2023-01-20 07:59:47.658 [info] fatal: not a git repository (or any parent up to mount point /)
Stopping at filesystem boundary (GIT_DISCOVERY_ACROSS_FILESYSTEM not set).
2023-01-20 08:00:26.269 [info] > git rev-parse --show-toplevel [2ms]
2023-01-20 08:00:26.269 [info] fatal: not a git repository (or any parent up to mount point /)
Stopping at filesystem boundary (GIT_DISCOVERY_ACROSS_FILESYSTEM not set).
2023-01-20 08:00:58.745 [info] > git rev-parse --show-toplevel [2ms]
2023-01-20 08:00:58.745 [info] fatal: not a git repository (or any parent up to mount point /)
Stopping at filesystem boundary (GIT_DISCOVERY_ACROSS_FILESYSTEM not set).
2023-01-20 08:01:31.452 [info] > git rev-parse --show-toplevel [2ms]
2023-01-20 08:01:31.452 [info] fatal: not a git repository (or any parent up to mount point /)
Stopping at filesystem boundary (GIT_DISCOVERY_ACROSS_FILESYSTEM not set).
2023-01-20 08:02:07.593 [info] > git rev-parse --show-toplevel [1ms]
2023-01-20 08:02:07.593 [info] fatal: not a git repository (or any parent up to mount point /)
Stopping at filesystem boundary (GIT_DISCOVERY_ACROSS_FILESYSTEM not set).
2023-01-20 08:02:11.376 [info] > git rev-parse --show-toplevel [1ms]
2023-01-20 08:02:11.377 [info] fatal: not a git repository (or any parent up to mount point /)
Stopping at filesystem boundary (GIT_DISCOVERY_ACROSS_FILESYSTEM not set).
2023-01-20 08:02:30.298 [info] > git rev-parse --show-toplevel [2ms]
2023-01-20 08:02:30.298 [info] fatal: not a git repository (or any parent up to mount point /)
Stopping at filesystem boundary (GIT_DISCOVERY_ACROSS_FILESYSTEM not set).
2023-01-20 08:04:17.275 [info] > git rev-parse --show-toplevel [2ms]
2023-01-20 08:04:17.275 [info] fatal: not a git repository (or any parent up to mount point /)
Stopping at filesystem boundary (GIT_DISCOVERY_ACROSS_FILESYSTEM not set).
2023-01-20 08:04:23.665 [info] > git rev-parse --show-toplevel [1ms]
2023-01-20 08:04:23.665 [info] fatal: not a git repository (or any parent up to mount point /)
Stopping at filesystem boundary (GIT_DISCOVERY_ACROSS_FILESYSTEM not set).
2023-01-20 08:04:35.256 [info] > git rev-parse --show-toplevel [3ms]
2023-01-20 08:04:35.256 [info] fatal: not a git repository (or any parent up to mount point /)
Stopping at filesystem boundary (GIT_DISCOVERY_ACROSS_FILESYSTEM not set).
2023-01-20 08:05:00.399 [info] > git rev-parse --show-toplevel [3ms]
2023-01-20 08:05:00.399 [info] fatal: not a git repository (or any parent up to mount point /)
Stopping at filesystem boundary (GIT_DISCOVERY_ACROSS_FILESYSTEM not set).
2023-01-20 08:05:32.292 [info] > git rev-parse --show-toplevel [4ms]
2023-01-20 08:05:32.292 [info] fatal: not a git repository (or any parent up to mount point /)
Stopping at filesystem boundary (GIT_DISCOVERY_ACROSS_FILESYSTEM not set).
2023-01-20 08:06:14.092 [info] > git rev-parse --show-toplevel [2ms]
2023-01-20 08:06:14.092 [info] fatal: not a git repository (or any parent up to mount point /)
Stopping at filesystem boundary (GIT_DISCOVERY_ACROSS_FILESYSTEM not set).
2023-01-20 08:06:23.678 [info] > git rev-parse --show-toplevel [2ms]
2023-01-20 08:06:23.678 [info] fatal: not a git repository (or any parent up to mount point /)
Stopping at filesystem boundary (GIT_DISCOVERY_ACROSS_FILESYSTEM not set).
2023-01-20 08:06:26.411 [info] > git rev-parse --show-toplevel [3ms]
2023-01-20 08:06:26.411 [info] fatal: not a git repository (or any parent up to mount point /)
Stopping at filesystem boundary (GIT_DISCOVERY_ACROSS_FILESYSTEM not set).
2023-01-20 08:07:14.066 [info] > git rev-parse --show-toplevel [2ms]
2023-01-20 08:07:14.066 [info] fatal: not a git repository (or any parent up to mount point /)
Stopping at filesystem boundary (GIT_DISCOVERY_ACROSS_FILESYSTEM not set).
2023-01-20 08:07:25.237 [info] > git rev-parse --show-toplevel [3ms]
2023-01-20 08:07:25.237 [info] fatal: not a git repository (or any parent up to mount point /)
Stopping at filesystem boundary (GIT_DISCOVERY_ACROSS_FILESYSTEM not set).
2023-01-20 08:07:40.740 [info] > git rev-parse --show-toplevel [2ms]
2023-01-20 08:07:40.740 [info] fatal: not a git repository (or any parent up to mount point /)
Stopping at filesystem boundary (GIT_DISCOVERY_ACROSS_FILESYSTEM not set).
2023-01-20 08:07:44.254 [info] > git rev-parse --show-toplevel [2ms]
2023-01-20 08:07:44.254 [info] fatal: not a git repository (or any parent up to mount point /)
Stopping at filesystem boundary (GIT_DISCOVERY_ACROSS_FILESYSTEM not set).
2023-01-20 08:07:46.008 [info] > git rev-parse --show-toplevel [2ms]
2023-01-20 08:07:46.008 [info] fatal: not a git repository (or any parent up to mount point /)
Stopping at filesystem boundary (GIT_DISCOVERY_ACROSS_FILESYSTEM not set).
2023-01-20 08:08:03.120 [info] > git rev-parse --show-toplevel [2ms]
2023-01-20 08:08:03.120 [info] fatal: not a git repository (or any parent up to mount point /)
Stopping at filesystem boundary (GIT_DISCOVERY_ACROSS_FILESYSTEM not set).
2023-01-20 08:08:06.601 [info] > git rev-parse --show-toplevel [2ms]
2023-01-20 08:08:06.601 [info] fatal: not a git repository (or any parent up to mount point /)
Stopping at filesystem boundary (GIT_DISCOVERY_ACROSS_FILESYSTEM not set).
2023-01-20 08:08:23.271 [info] > git rev-parse --show-toplevel [3ms]
2023-01-20 08:08:23.271 [info] fatal: not a git repository (or any parent up to mount point /)
Stopping at filesystem boundary (GIT_DISCOVERY_ACROSS_FILESYSTEM not set).
2023-01-20 08:08:29.725 [info] > git rev-parse --show-toplevel [2ms]
2023-01-20 08:08:29.725 [info] fatal: not a git repository (or any parent up to mount point /)
Stopping at filesystem boundary (GIT_DISCOVERY_ACROSS_FILESYSTEM not set).
2023-01-20 08:08:41.930 [info] > git rev-parse --show-toplevel [3ms]
2023-01-20 08:08:41.930 [info] fatal: not a git repository (or any parent up to mount point /)
Stopping at filesystem boundary (GIT_DISCOVERY_ACROSS_FILESYSTEM not set).
2023-01-20 08:08:44.393 [info] > git rev-parse --show-toplevel [2ms]
2023-01-20 08:08:44.394 [info] fatal: not a git repository (or any parent up to mount point /)
Stopping at filesystem boundary (GIT_DISCOVERY_ACROSS_FILESYSTEM not set).
2023-01-20 08:08:59.612 [info] > git rev-parse --show-toplevel [3ms]
2023-01-20 08:08:59.612 [info] fatal: not a git repository (or any parent up to mount point /)
Stopping at filesystem boundary (GIT_DISCOVERY_ACROSS_FILESYSTEM not set).
2023-01-20 08:09:18.577 [info] > git rev-parse --show-toplevel [2ms]
2023-01-20 08:09:18.577 [info] fatal: not a git repository (or any parent up to mount point /)
Stopping at filesystem boundary (GIT_DISCOVERY_ACROSS_FILESYSTEM not set).
2023-01-20 08:09:21.219 [info] > git rev-parse --show-toplevel [2ms]
2023-01-20 08:09:21.219 [info] fatal: not a git repository (or any parent up to mount point /)
Stopping at filesystem boundary (GIT_DISCOVERY_ACROSS_FILESYSTEM not set).
2023-01-20 08:09:49.132 [info] > git rev-parse --show-toplevel [2ms]
2023-01-20 08:09:49.132 [info] fatal: not a git repository (or any parent up to mount point /)
Stopping at filesystem boundary (GIT_DISCOVERY_ACROSS_FILESYSTEM not set).
2023-01-20 08:09:53.836 [info] > git rev-parse --show-toplevel [2ms]
2023-01-20 08:09:53.836 [info] fatal: not a git repository (or any parent up to mount point /)
Stopping at filesystem boundary (GIT_DISCOVERY_ACROSS_FILESYSTEM not set).
2023-01-20 08:10:05.061 [info] > git rev-parse --show-toplevel [3ms]
2023-01-20 08:10:05.061 [info] fatal: not a git repository (or any parent up to mount point /)
Stopping at filesystem boundary (GIT_DISCOVERY_ACROSS_FILESYSTEM not set).
2023-01-20 08:10:17.868 [info] > git rev-parse --show-toplevel [4ms]
2023-01-20 08:10:17.868 [info] fatal: not a git repository (or any parent up to mount point /)
Stopping at filesystem boundary (GIT_DISCOVERY_ACROSS_FILESYSTEM not set).
2023-01-20 08:10:50.396 [info] > git rev-parse --show-toplevel [4ms]
2023-01-20 08:10:50.396 [info] fatal: not a git repository (or any parent up to mount point /)
Stopping at filesystem boundary (GIT_DISCOVERY_ACROSS_FILESYSTEM not set).
2023-01-20 08:11:00.680 [info] > git rev-parse --show-toplevel [2ms]
2023-01-20 08:11:00.680 [info] fatal: not a git repository (or any parent up to mount point /)
Stopping at filesystem boundary (GIT_DISCOVERY_ACROSS_FILESYSTEM not set).
2023-01-20 08:11:00.688 [info] > git rev-parse --show-toplevel [1ms]
2023-01-20 08:11:00.688 [info] fatal: not a git repository (or any parent up to mount point /)
Stopping at filesystem boundary (GIT_DISCOVERY_ACROSS_FILESYSTEM not set).
2023-01-20 08:11:04.950 [info] > git rev-parse --show-toplevel [2ms]
2023-01-20 08:11:04.950 [info] fatal: not a git repository (or any parent up to mount point /)
Stopping at filesystem boundary (GIT_DISCOVERY_ACROSS_FILESYSTEM not set).
2023-01-20 08:11:07.122 [info] > git rev-parse --show-toplevel [3ms]
2023-01-20 08:11:07.122 [info] fatal: not a git repository (or any parent up to mount point /)
Stopping at filesystem boundary (GIT_DISCOVERY_ACROSS_FILESYSTEM not set).
2023-01-20 08:11:09.083 [info] > git rev-parse --show-toplevel [1ms]
2023-01-20 08:11:09.083 [info] fatal: not a git repository (or any parent up to mount point /)
Stopping at filesystem boundary (GIT_DISCOVERY_ACROSS_FILESYSTEM not set).
2023-01-20 08:11:09.093 [info] > git rev-parse --show-toplevel [1ms]
2023-01-20 08:11:09.093 [info] fatal: not a git repository (or any parent up to mount point /)
Stopping at filesystem boundary (GIT_DISCOVERY_ACROSS_FILESYSTEM not set).
2023-01-20 08:11:22.928 [info] > git rev-parse --show-toplevel [1ms]
2023-01-20 08:11:22.928 [info] fatal: not a git repository (or any parent up to mount point /)
Stopping at filesystem boundary (GIT_DISCOVERY_ACROSS_FILESYSTEM not set).
2023-01-20 08:11:22.937 [info] > git rev-parse --show-toplevel [1ms]
2023-01-20 08:11:22.937 [info] fatal: not a git repository (or any parent up to mount point /)
Stopping at filesystem boundary (GIT_DISCOVERY_ACROSS_FILESYSTEM not set).
2023-01-20 08:11:22.947 [info] > git rev-parse --show-toplevel [1ms]
2023-01-20 08:11:22.948 [info] fatal: not a git repository (or any parent up to mount point /)
Stopping at filesystem boundary (GIT_DISCOVERY_ACROSS_FILESYSTEM not set).
2023-01-20 08:13:25.597 [info] > git rev-parse --show-toplevel [2ms]
2023-01-20 08:13:25.597 [info] fatal: not a git repository (or any parent up to mount point /)
Stopping at filesystem boundary (GIT_DISCOVERY_ACROSS_FILESYSTEM not set).
2023-01-20 08:13:25.605 [info] > git rev-parse --show-toplevel [2ms]
2023-01-20 08:13:25.605 [info] fatal: not a git repository (or any parent up to mount point /)
Stopping at filesystem boundary (GIT_DISCOVERY_ACROSS_FILESYSTEM not set).
2023-01-20 08:13:25.613 [info] > git rev-parse --show-toplevel [1ms]
2023-01-20 08:13:25.613 [info] fatal: not a git repository (or any parent up to mount point /)
Stopping at filesystem boundary (GIT_DISCOVERY_ACROSS_FILESYSTEM not set).
2023-01-20 08:15:56.504 [info] > git rev-parse --show-toplevel [2ms]
2023-01-20 08:15:56.504 [info] fatal: not a git repository (or any parent up to mount point /)
Stopping at filesystem boundary (GIT_DISCOVERY_ACROSS_FILESYSTEM not set).
2023-01-20 08:15:56.513 [info] > git rev-parse --show-toplevel [2ms]
2023-01-20 08:15:56.513 [info] fatal: not a git repository (or any parent up to mount point /)
Stopping at filesystem boundary (GIT_DISCOVERY_ACROSS_FILESYSTEM not set).
2023-01-20 08:15:56.523 [info] > git rev-parse --show-toplevel [1ms]
2023-01-20 08:15:56.523 [info] fatal: not a git repository (or any parent up to mount point /)
Stopping at filesystem boundary (GIT_DISCOVERY_ACROSS_FILESYSTEM not set).
2023-01-20 08:17:33.694 [info] > git rev-parse --show-toplevel [4ms]
2023-01-20 08:17:33.694 [info] fatal: not a git repository (or any parent up to mount point /)
Stopping at filesystem boundary (GIT_DISCOVERY_ACROSS_FILESYSTEM not set).
2023-01-20 08:17:33.704 [info] > git rev-parse --show-toplevel [2ms]
2023-01-20 08:17:33.704 [info] fatal: not a git repository (or any parent up to mount point /)
Stopping at filesystem boundary (GIT_DISCOVERY_ACROSS_FILESYSTEM not set).
2023-01-20 08:17:33.714 [info] > git rev-parse --show-toplevel [1ms]
2023-01-20 08:17:33.714 [info] fatal: not a git repository (or any parent up to mount point /)
Stopping at filesystem boundary (GIT_DISCOVERY_ACROSS_FILESYSTEM not set).
2023-01-20 08:19:09.423 [info] > git rev-parse --show-toplevel [9ms]
2023-01-20 08:19:09.423 [info] fatal: not a git repository (or any parent up to mount point /)
Stopping at filesystem boundary (GIT_DISCOVERY_ACROSS_FILESYSTEM not set).
2023-01-20 08:19:09.436 [info] > git rev-parse --show-toplevel [4ms]
2023-01-20 08:19:09.436 [info] fatal: not a git repository (or any parent up to mount point /)
Stopping at filesystem boundary (GIT_DISCOVERY_ACROSS_FILESYSTEM not set).
2023-01-20 08:19:09.449 [info] > git rev-parse --show-toplevel [4ms]
2023-01-20 08:19:09.449 [info] fatal: not a git repository (or any parent up to mount point /)
Stopping at filesystem boundary (GIT_DISCOVERY_ACROSS_FILESYSTEM not set).
2023-01-20 08:19:40.808 [info] > git rev-parse --show-toplevel [3ms]
2023-01-20 08:19:40.808 [info] fatal: not a git repository (or any parent up to mount point /)
Stopping at filesystem boundary (GIT_DISCOVERY_ACROSS_FILESYSTEM not set).
2023-01-20 08:19:40.816 [info] > git rev-parse --show-toplevel [1ms]
2023-01-20 08:19:40.817 [info] fatal: not a git repository (or any parent up to mount point /)
Stopping at filesystem boundary (GIT_DISCOVERY_ACROSS_FILESYSTEM not set).
2023-01-20 08:19:40.825 [info] > git rev-parse --show-toplevel [1ms]
2023-01-20 08:19:40.825 [info] fatal: not a git repository (or any parent up to mount point /)
Stopping at filesystem boundary (GIT_DISCOVERY_ACROSS_FILESYSTEM not set).
2023-01-20 08:19:53.952 [info] > git rev-parse --show-toplevel [3ms]
2023-01-20 08:19:53.952 [info] fatal: not a git repository (or any parent up to mount point /)
Stopping at filesystem boundary (GIT_DISCOVERY_ACROSS_FILESYSTEM not set).
2023-01-20 08:19:53.961 [info] > git rev-parse --show-toplevel [1ms]
2023-01-20 08:19:53.961 [info] fatal: not a git repository (or any parent up to mount point /)
Stopping at filesystem boundary (GIT_DISCOVERY_ACROSS_FILESYSTEM not set).
2023-01-20 08:19:53.969 [info] > git rev-parse --show-toplevel [1ms]
2023-01-20 08:19:53.969 [info] fatal: not a git repository (or any parent up to mount point /)
Stopping at filesystem boundary (GIT_DISCOVERY_ACROSS_FILESYSTEM not set).
2023-01-20 08:20:08.030 [info] > git rev-parse --show-toplevel [1ms]
2023-01-20 08:20:08.030 [info] fatal: not a git repository (or any parent up to mount point /)
Stopping at filesystem boundary (GIT_DISCOVERY_ACROSS_FILESYSTEM not set).
2023-01-20 08:20:08.039 [info] > git rev-parse --show-toplevel [2ms]
2023-01-20 08:20:08.039 [info] fatal: not a git repository (or any parent up to mount point /)
Stopping at filesystem boundary (GIT_DISCOVERY_ACROSS_FILESYSTEM not set).
2023-01-20 08:20:08.047 [info] > git rev-parse --show-toplevel [2ms]
2023-01-20 08:20:08.047 [info] fatal: not a git repository (or any parent up to mount point /)
Stopping at filesystem boundary (GIT_DISCOVERY_ACROSS_FILESYSTEM not set).
2023-01-20 08:20:18.178 [info] > git rev-parse --show-toplevel [2ms]
2023-01-20 08:20:18.178 [info] fatal: not a git repository (or any parent up to mount point /)
Stopping at filesystem boundary (GIT_DISCOVERY_ACROSS_FILESYSTEM not set).
2023-01-20 08:20:18.186 [info] > git rev-parse --show-toplevel [1ms]
2023-01-20 08:20:18.186 [info] fatal: not a git repository (or any parent up to mount point /)
Stopping at filesystem boundary (GIT_DISCOVERY_ACROSS_FILESYSTEM not set).
2023-01-20 08:20:18.195 [info] > git rev-parse --show-toplevel [2ms]
2023-01-20 08:20:18.195 [info] fatal: not a git repository (or any parent up to mount point /)
Stopping at filesystem boundary (GIT_DISCOVERY_ACROSS_FILESYSTEM not set).
2023-01-20 08:20:27.762 [info] > git rev-parse --show-toplevel [2ms]
2023-01-20 08:20:27.762 [info] fatal: not a git repository (or any parent up to mount point /)
Stopping at filesystem boundary (GIT_DISCOVERY_ACROSS_FILESYSTEM not set).
2023-01-20 08:20:27.771 [info] > git rev-parse --show-toplevel [2ms]
2023-01-20 08:20:27.771 [info] fatal: not a git repository (or any parent up to mount point /)
Stopping at filesystem boundary (GIT_DISCOVERY_ACROSS_FILESYSTEM not set).
2023-01-20 08:20:27.781 [info] > git rev-parse --show-toplevel [2ms]
2023-01-20 08:20:27.781 [info] fatal: not a git repository (or any parent up to mount point /)
Stopping at filesystem boundary (GIT_DISCOVERY_ACROSS_FILESYSTEM not set).
2023-01-20 08:20:39.019 [info] > git rev-parse --show-toplevel [2ms]
2023-01-20 08:20:39.019 [info] fatal: not a git repository (or any parent up to mount point /)
Stopping at filesystem boundary (GIT_DISCOVERY_ACROSS_FILESYSTEM not set).
2023-01-20 08:20:39.048 [info] > git rev-parse --show-toplevel [4ms]
2023-01-20 08:20:39.048 [info] fatal: not a git repository (or any parent up to mount point /)
Stopping at filesystem boundary (GIT_DISCOVERY_ACROSS_FILESYSTEM not set).
2023-01-20 08:20:39.059 [info] > git rev-parse --show-toplevel [2ms]
2023-01-20 08:20:39.060 [info] fatal: not a git repository (or any parent up to mount point /)
Stopping at filesystem boundary (GIT_DISCOVERY_ACROSS_FILESYSTEM not set).
2023-01-20 08:20:54.869 [info] > git rev-parse --show-toplevel [3ms]
2023-01-20 08:20:54.869 [info] fatal: not a git repository (or any parent up to mount point /)
Stopping at filesystem boundary (GIT_DISCOVERY_ACROSS_FILESYSTEM not set).
2023-01-20 08:20:54.882 [info] > git rev-parse --show-toplevel [3ms]
2023-01-20 08:20:54.882 [info] fatal: not a git repository (or any parent up to mount point /)
Stopping at filesystem boundary (GIT_DISCOVERY_ACROSS_FILESYSTEM not set).
2023-01-20 08:20:54.905 [info] > git rev-parse --show-toplevel [5ms]
2023-01-20 08:20:54.905 [info] fatal: not a git repository (or any parent up to mount point /)
Stopping at filesystem boundary (GIT_DISCOVERY_ACROSS_FILESYSTEM not set).
2023-01-20 08:21:07.663 [info] > git rev-parse --show-toplevel [1ms]
2023-01-20 08:21:07.663 [info] fatal: not a git repository (or any parent up to mount point /)
Stopping at filesystem boundary (GIT_DISCOVERY_ACROSS_FILESYSTEM not set).
2023-01-20 08:21:07.671 [info] > git rev-parse --show-toplevel [1ms]
2023-01-20 08:21:07.672 [info] fatal: not a git repository (or any parent up to mount point /)
Stopping at filesystem boundary (GIT_DISCOVERY_ACROSS_FILESYSTEM not set).
2023-01-20 08:21:07.680 [info] > git rev-parse --show-toplevel [1ms]
2023-01-20 08:21:07.680 [info] fatal: not a git repository (or any parent up to mount point /)
Stopping at filesystem boundary (GIT_DISCOVERY_ACROSS_FILESYSTEM not set).
2023-01-20 08:21:14.934 [info] > git rev-parse --show-toplevel [2ms]
2023-01-20 08:21:14.934 [info] fatal: not a git repository (or any parent up to mount point /)
Stopping at filesystem boundary (GIT_DISCOVERY_ACROSS_FILESYSTEM not set).
2023-01-20 08:21:14.944 [info] > git rev-parse --show-toplevel [3ms]
2023-01-20 08:21:14.944 [info] fatal: not a git repository (or any parent up to mount point /)
Stopping at filesystem boundary (GIT_DISCOVERY_ACROSS_FILESYSTEM not set).
2023-01-20 08:21:14.954 [info] > git rev-parse --show-toplevel [2ms]
2023-01-20 08:21:14.954 [info] fatal: not a git repository (or any parent up to mount point /)
Stopping at filesystem boundary (GIT_DISCOVERY_ACROSS_FILESYSTEM not set).
2023-01-20 08:22:08.769 [info] > git rev-parse --show-toplevel [2ms]
2023-01-20 08:22:08.769 [info] fatal: not a git repository (or any parent up to mount point /)
Stopping at filesystem boundary (GIT_DISCOVERY_ACROSS_FILESYSTEM not set).
2023-01-20 08:22:08.778 [info] > git rev-parse --show-toplevel [2ms]
2023-01-20 08:22:08.778 [info] fatal: not a git repository (or any parent up to mount point /)
Stopping at filesystem boundary (GIT_DISCOVERY_ACROSS_FILESYSTEM not set).
2023-01-20 08:22:08.788 [info] > git rev-parse --show-toplevel [1ms]
2023-01-20 08:22:08.788 [info] fatal: not a git repository (or any parent up to mount point /)
Stopping at filesystem boundary (GIT_DISCOVERY_ACROSS_FILESYSTEM not set).
2023-01-20 08:22:16.749 [info] > git rev-parse --show-toplevel [2ms]
2023-01-20 08:22:16.749 [info] fatal: not a git repository (or any parent up to mount point /)
Stopping at filesystem boundary (GIT_DISCOVERY_ACROSS_FILESYSTEM not set).
2023-01-20 08:22:16.758 [info] > git rev-parse --show-toplevel [1ms]
2023-01-20 08:22:16.758 [info] fatal: not a git repository (or any parent up to mount point /)
Stopping at filesystem boundary (GIT_DISCOVERY_ACROSS_FILESYSTEM not set).
2023-01-20 08:22:16.768 [info] > git rev-parse --show-toplevel [2ms]
2023-01-20 08:22:16.768 [info] fatal: not a git repository (or any parent up to mount point /)
Stopping at filesystem boundary (GIT_DISCOVERY_ACROSS_FILESYSTEM not set).
2023-01-20 08:23:53.686 [info] > git rev-parse --show-toplevel [2ms]
2023-01-20 08:23:53.686 [info] fatal: not a git repository (or any parent up to mount point /)
Stopping at filesystem boundary (GIT_DISCOVERY_ACROSS_FILESYSTEM not set).
2023-01-20 08:23:53.698 [info] > git rev-parse --show-toplevel [1ms]
2023-01-20 08:23:53.698 [info] fatal: not a git repository (or any parent up to mount point /)
Stopping at filesystem boundary (GIT_DISCOVERY_ACROSS_FILESYSTEM not set).
2023-01-20 08:23:53.709 [info] > git rev-parse --show-toplevel [2ms]
2023-01-20 08:23:53.709 [info] fatal: not a git repository (or any parent up to mount point /)
Stopping at filesystem boundary (GIT_DISCOVERY_ACROSS_FILESYSTEM not set).
2023-01-20 08:23:55.386 [info] > git rev-parse --show-toplevel [3ms]
2023-01-20 08:23:55.386 [info] fatal: not a git repository (or any parent up to mount point /)
Stopping at filesystem boundary (GIT_DISCOVERY_ACROSS_FILESYSTEM not set).
2023-01-20 08:23:55.396 [info] > git rev-parse --show-toplevel [1ms]
2023-01-20 08:23:55.396 [info] fatal: not a git repository (or any parent up to mount point /)
Stopping at filesystem boundary (GIT_DISCOVERY_ACROSS_FILESYSTEM not set).
2023-01-20 08:23:55.405 [info] > git rev-parse --show-toplevel [1ms]
2023-01-20 08:23:55.405 [info] fatal: not a git repository (or any parent up to mount point /)
Stopping at filesystem boundary (GIT_DISCOVERY_ACROSS_FILESYSTEM not set).
2023-01-20 08:23:56.458 [info] > git rev-parse --show-toplevel [4ms]
2023-01-20 08:23:56.458 [info] fatal: not a git repository (or any parent up to mount point /)
Stopping at filesystem boundary (GIT_DISCOVERY_ACROSS_FILESYSTEM not set).
2023-01-20 08:23:56.472 [info] > git rev-parse --show-toplevel [4ms]
2023-01-20 08:23:56.472 [info] fatal: not a git repository (or any parent up to mount point /)
Stopping at filesystem boundary (GIT_DISCOVERY_ACROSS_FILESYSTEM not set).
2023-01-20 08:23:56.500 [info] > git rev-parse --show-toplevel [12ms]
2023-01-20 08:23:56.500 [info] fatal: not a git repository (or any parent up to mount point /)
Stopping at filesystem boundary (GIT_DISCOVERY_ACROSS_FILESYSTEM not set).
2023-01-20 08:23:57.962 [info] > git rev-parse --show-toplevel [3ms]
2023-01-20 08:23:57.962 [info] fatal: not a git repository (or any parent up to mount point /)
Stopping at filesystem boundary (GIT_DISCOVERY_ACROSS_FILESYSTEM not set).
2023-01-20 08:23:57.971 [info] > git rev-parse --show-toplevel [1ms]
2023-01-20 08:23:57.971 [info] fatal: not a git repository (or any parent up to mount point /)
Stopping at filesystem boundary (GIT_DISCOVERY_ACROSS_FILESYSTEM not set).
2023-01-20 08:23:57.980 [info] > git rev-parse --show-toplevel [1ms]
2023-01-20 08:23:57.980 [info] fatal: not a git repository (or any parent up to mount point /)
Stopping at filesystem boundary (GIT_DISCOVERY_ACROSS_FILESYSTEM not set).
2023-01-20 08:24:02.629 [info] > git rev-parse --show-toplevel [7ms]
2023-01-20 08:24:02.629 [info] fatal: not a git repository (or any parent up to mount point /)
Stopping at filesystem boundary (GIT_DISCOVERY_ACROSS_FILESYSTEM not set).
