2023-01-12 22:50:07.237 [info] Nível de log: Debug
2023-01-12 22:50:07.237 [info] Validando o git encontrado em: git
2023-01-12 22:50:07.248 [info] Usando git ''2.39.0'' de ''git''
2023-01-12 22:50:07.262 [info] > git rev-parse --show-toplevel [5ms]
2023-01-12 22:50:07.262 [info] fatal: not a git repository (or any parent up to mount point /)
Stopping at filesystem boundary (GIT_DISCOVERY_ACROSS_FILESYSTEM not set).
2023-01-12 22:50:07.271 [info] > git rev-parse --show-toplevel [1ms]
2023-01-12 22:50:07.271 [info] fatal: not a git repository (or any parent up to mount point /)
Stopping at filesystem boundary (GIT_DISCOVERY_ACROSS_FILESYSTEM not set).
2023-01-12 22:50:07.280 [info] > git rev-parse --show-toplevel [1ms]
2023-01-12 22:50:07.280 [info] fatal: not a git repository (or any parent up to mount point /)
Stopping at filesystem boundary (GIT_DISCOVERY_ACROSS_FILESYSTEM not set).
2023-01-12 22:50:07.352 [info] > git rev-parse --show-toplevel [65ms]
2023-01-12 22:50:07.352 [info] fatal: not a git repository (or any parent up to mount point /)
Stopping at filesystem boundary (GIT_DISCOVERY_ACROSS_FILESYSTEM not set).
2023-01-12 22:50:07.363 [info] > git rev-parse --show-toplevel [1ms]
2023-01-12 22:50:07.363 [info] fatal: not a git repository (or any parent up to mount point /)
Stopping at filesystem boundary (GIT_DISCOVERY_ACROSS_FILESYSTEM not set).
2023-01-12 22:50:27.027 [info] > git rev-parse --show-toplevel [2ms]
2023-01-12 22:50:27.027 [info] fatal: not a git repository (or any parent up to mount point /)
Stopping at filesystem boundary (GIT_DISCOVERY_ACROSS_FILESYSTEM not set).
